
hpeesofsim (*) 450.shp Jan 21 2016, MINT version 4
    (64-bit windows built: 01/21/16 15:34:19)
Copyright 1995 - 2015 Keysight Technologies, 1989-2016.


HB HB1[1] <G_lib:cell_1:schematic>   RFfreq=(3e+09->7e+09)
Pt DC convergence is used.
    Number of tones:   1.
    Number of frequencies:   4.
    Number of time samples:  16.
    Number of HB equations (HB problem size): 378.
    Number of SS/noise equations (SS/noise problem size): 756.
    Auto mode: on.
    Convergence mode: Auto.
    Linear solver: direct.
    RFfreq=3e+09          0.00% 1/41
------------------------------------------------------------------------------
Newton solver:					
Iter	KCL residual	Damp %	Sol update
------------------------------------------------------------------------------
0.0*	42.6284e+36A	100.0             
        Newton iteration failed, damping activated
1.0*	5.49397e+39A	100.0             
2.0*	4.95432e+36A	9.537e-05             
3.0 	924.925e+33A	100.0             
        Samanskii-Newton iteration failed
3.1*	25.1412e+81A	1.526e-03             
4.0*	8.21765e+24A	3.052e-03             
5.0 	8.2174e+24A 	3.052e-03             
5.1*	8.21715e+24A	100.0             
    Switching to arc-length continuation...
Fwd sourceLevel=1.32126e-03    0.13% 2/2  Step=0.5
0.0*	9.27261 mA  	100.0             
1.0 	956.255 uA  	100.0             
1.1 	211.589 uA  	100.0             
1.2 	59.3104 uA  	100.0             
1.3 	17.2289 uA  	100.0             
1.4 	5.39413 uA  	100.0             
1.5 	1.5961 uA   	100.0             
1.6 	560.402 nA  	100.0             
1.7 	189.815 nA  	100.0             
1.8 	68.6244 nA  	100.0             
1.9 	24.9901 nA  	100.0             
1.10 	9.14953 nA  	100.0	352.864 nV   
    Arclength Newton-Raphson converged at 0.00117227 in 1 iters

Fwd sourceLevel=2.48209e-03    0.25% 2/2  Step=0.7071067812
0.0*	14.333 mA   	100.0             
1.0 	1.53457 mA  	100.0             
1.1 	450.947 uA  	100.0             
1.2 	128.97 uA   	100.0             
1.3 	36.8983 uA  	100.0             
1.4 	10.4919 uA  	100.0             
1.5 	3.01049 uA  	100.0             
1.6 	866.964 nA  	100.0             
1.7 	249.449 nA  	100.0             
1.8 	71.7457 nA  	100.0             
1.9 	21.2472 nA  	100.0	240.776 nV   
    Arclength Newton-Raphson converged at 0.00228266 in 1 iters

Fwd sourceLevel=3.8442e-03     0.38% 2/2  Step=1
0.0*	14.3187 mA  	100.0             
1.0 	1.47849 mA  	100.0             
1.1 	323.392 uA  	100.0             
1.2 	104.27 uA   	100.0             
1.3 	34.2634 uA  	100.0             
1.4 	12.6675 uA  	100.0             
1.5 	5.86808 uA  	100.0             
1.6 	2.71644 uA  	100.0             
1.7 	1.20868 uA  	100.0             
1.8 	523.499 nA  	100.0             
1.9 	222.375 nA  	100.0             
1.10 	93.0933 nA  	100.0             
1.11 	38.534 nA   	100.0             
1.12 	15.808 nA   	100.0             
1.13 	6.43814 nA  	100.0	329.95 nV    
    Arclength Newton-Raphson converged at 0.0047663 in 1 iters

Fwd sourceLevel=10.3455e-03    1.03% 2/2  Step=1.414213562
0.0*	23.2574 mA  	100.0             
1.0 	2.61865 mA  	100.0             
1.1 	739.043 uA  	100.0             
1.2 	407.148 uA  	100.0             
1.3 	194.362 uA  	100.0             
1.4 	76.0038 uA  	100.0             
1.5 	41.5197 uA  	100.0             
1.6 	21.79 uA    	100.0             
1.7 	10.9995 uA  	100.0             
1.8 	5.46623 uA  	100.0             
1.9 	2.66979 uA  	100.0             
1.10 	1.2943 uA   	100.0             
1.11 	622.078 nA  	100.0             
1.12 	297.581 nA  	100.0             
1.13 	141.639 nA  	100.0             
1.14*	67.175 nA   	100.0             
2.0 	56.119 pA   	100.0	993.493 pV   
    Arclength Newton-Raphson converged at 0.0193292 in 2 iters

Fwd sourceLevel=57.3216e-03    5.73% 2/2  Step=2
0.0*	397.396 mA  	100.0             
1.0 	139.611 mA  	100.0             
1.1 	86.7546 mA  	100.0             
1.2*	59.5035 mA  	100.0             
2.0 	9.50413 mA  	100.0             
2.1 	5.41061 mA  	100.0             
        Samanskii-Newton iteration failed
2.2*	5.41061 mA  	100.0             
    rejected

Fwd sourceLevel=37.4208e-03    3.74% 2/2  Step=0.9523809524
0.0*	15.4009 mA  	100.0             
1.0 	1.72512 mA  	100.0             
1.1 	498.845 uA  	100.0             
1.2 	193.142 uA  	100.0             
1.3 	71.2631 uA  	100.0             
1.4 	25.1798 uA  	100.0             
1.5 	8.69475 uA  	100.0             
1.6 	2.99394 uA  	100.0             
1.7 	1.04628 uA  	100.0             
1.8 	369.11 nA   	100.0             
1.9 	129.922 nA  	100.0             
1.10 	45.662 nA   	100.0             
1.11 	16.1114 nA  	100.0	439.11 nV    
    Arclength Newton-Raphson converged at 0.050693 in 1 iters

Fwd sourceLevel=99.4146e-03    9.94% 2/2  Step=0.9523809524
0.0*	44.9578 mA  	100.0             
1.0 	11.0516 mA  	100.0             
1.1 	6.61335 mA  	100.0             
1.2 	4.74957 mA  	100.0             
1.3*	3.39973 mA  	100.0             
2.0 	312.845 uA  	100.0             
2.1 	61.8192 uA  	100.0             
2.2 	12.6415 uA  	100.0             
2.3 	2.61339 uA  	100.0             
2.4 	540.623 nA  	100.0             
2.5 	111.907 nA  	100.0             
2.6 	23.164 nA   	100.0	346.715 nV   
    Arclength Newton-Raphson converged at 0.11735 in 2 iters

Fwd sourceLevel=196.809e-03   19.68% 2/2  Step=1.346870059
0.0*	108.783 mA  	100.0             
1.0 	564.242 mA  	100.0             
        Samanskii-Newton iteration failed
1.1*	564.242 mA  	100.0             
    rejected

Fwd sourceLevel=155.187e-03   15.52% 2/2  Step=0.641366695
0.0*	13.7594 mA  	100.0             
1.0 	6.67132 mA  	100.0             
1.1 	4.76062 mA  	100.0             
1.2*	2.91959 mA  	100.0             
2.0 	201.169 uA  	100.0             
2.1 	21.2056 uA  	100.0             
2.2 	1.92238 uA  	100.0             
2.3 	169.138 nA  	100.0             
2.4 	14.4211 nA  	100.0	39.6202 nV   
    Arclength Newton-Raphson converged at 0.158347 in 2 iters

Fwd sourceLevel=173.713e-03   17.37% 2/2  Step=0.641366695
0.0*	13.746 mA   	100.0             
1.0 	1.23325 mA  	100.0             
1.1 	214.284 uA  	100.0             
1.2 	47.8874 uA  	100.0             
1.3 	10.4325 uA  	100.0             
1.4 	2.26512 uA  	100.0             
1.5 	505.257 nA  	100.0             
1.6 	112.872 nA  	100.0             
1.7 	25.1371 nA  	100.0	152.204 nV   
    Arclength Newton-Raphson converged at 0.176557 in 1 iters

Fwd sourceLevel=196.347e-03   19.63% 2/2  Step=0.9070294785
    rejected

Fwd sourceLevel=185.981e-03   18.60% 2/2  Step=0.4319187993
0.0*	4.48818 mA  	100.0             
1.0 	364.165 uA  	100.0             
1.1 	24.7591 uA  	100.0             
1.2 	1.72031 uA  	100.0             
1.3 	108.825 nA  	100.0             
1.4 	6.58786 nA  	100.0	36.3323 nV   
    Arclength Newton-Raphson converged at 0.186424 in 1 iters

Fwd sourceLevel=197.842e-03   19.78% 2/2  Step=0.4319187993
0.0*	8.04183 mA  	100.0             
1.0 	274.697 uA  	100.0             
1.1 	33.4082 uA  	100.0             
1.2 	1.57707 uA  	100.0             
1.3 	204.838 nA  	100.0             
1.4 	10.9694 nA  	100.0	89.6643 nV   
    Arclength Newton-Raphson converged at 0.203005 in 1 iters

Fwd sourceLevel=233.488e-03   23.35% 2/2  Step=0.6108254238
0.0*	43.7474 mA  	100.0             
1.0 	4.95177 mA  	100.0             
1.1 	1.67166 mA  	100.0             
1.2 	908.297 uA  	100.0             
1.3 	421.481 uA  	100.0             
1.4 	177.7 uA    	100.0             
1.5 	71.7111 uA  	100.0             
1.6 	28.642 uA   	100.0             
1.7 	11.4726 uA  	100.0             
1.8 	4.63139 uA  	100.0             
1.9 	1.88139 uA  	100.0             
1.10 	767.221 nA  	100.0             
1.11 	313.353 nA  	100.0             
1.12 	128.024 nA  	100.0             
1.13 	52.2939 nA  	100.0	263.082 nV   
    Arclength Newton-Raphson converged at 0.24688 in 1 iters

Fwd sourceLevel=314.461e-03   31.45% 2/2  Step=0.8638375985
0.0*	59.9037 mA  	100.0             
1.0 	16.8106 mA  	100.0             
1.1 	12.0798 mA  	100.0             
1.2*	6.58307 mA  	100.0             
2.0 	1.09898 mA  	100.0             
2.1 	178.093 uA  	100.0             
2.2 	49.3334 uA  	100.0             
2.3 	10.1841 uA  	100.0             
2.4 	2.41529 uA  	100.0             
2.5 	607.317 nA  	100.0             
2.6 	101.804 nA  	100.0             
2.7 	38.7561 nA  	100.0             
2.8 	6.78814 nA  	100.0	368.542 nV   
    Arclength Newton-Raphson converged at 0.302177 in 2 iters

Fwd sourceLevel=339.548e-03   33.95% 2/2  Step=1.221650848
0.0*	847.611 mA  	100.0             
    rejected

Fwd sourceLevel=319.972e-03   32.00% 2/2  Step=0.5817384988
0.0*	11.1963 mA  	100.0             
1.0 	1.65707 mA  	100.0             
1.1 	289.514 uA  	100.0             
1.2 	49.0436 uA  	100.0             
1.3 	7.28022 uA  	100.0             
1.4 	1.36251 uA  	100.0             
1.5 	253.381 nA  	100.0             
1.6 	44.0768 nA  	100.0	139.309 nV   
    Arclength Newton-Raphson converged at 0.317864 in 1 iters

Fwd sourceLevel=333.203e-03   33.32% 2/2  Step=0.5817384988
0.0*	16.7639 mA  	100.0             
1.0 	1.36902 mA  	100.0             
1.1 	346.95 uA   	100.0             
1.2 	62.3488 uA  	100.0             
1.3 	18.9958 uA  	100.0             
1.4 	4.65297 uA  	100.0             
1.5 	1.24606 uA  	100.0             
1.6 	315.541 nA  	100.0             
1.7 	81.6548 nA  	100.0	964.745 nV   
    Arclength Newton-Raphson converged at 0.345153 in 1 iters

Fwd sourceLevel=409.17e-03    40.92% 2/2  Step=0.8227024748
0.0*	114.32 mA   	100.0             
1.0 	23.5748 mA  	100.0             
1.1 	9.63461 mA  	100.0             
1.2 	4.31226 mA  	100.0             
1.3 	1.93979 mA  	100.0             
1.4 	1.02382 mA  	100.0             
1.5 	558.595 uA  	100.0             
1.6 	369.469 uA  	100.0             
1.7 	235.026 uA  	100.0             
1.8 	154.606 uA  	100.0             
1.9 	96.9578 uA  	100.0             
1.10 	60.6806 uA  	100.0             
1.11 	37.3306 uA  	100.0             
1.12 	23.0434 uA  	100.0             
1.13 	14.286 uA   	100.0             
1.14*	8.92043 uA  	100.0             
2.0 	4.62926 nA  	100.0	166.379 nV   
    Arclength Newton-Raphson converged at 0.487589 in 2 iters

Fwd sourceLevel=681.82e-03    68.18% 2/2  Step=1.163476998
0.0*	132.599 mA  	100.0             
    rejected

Fwd sourceLevel=580.08e-03    58.01% 2/2  Step=0.5540366655
0.0*	25.092 mA   	100.0             
1.0 	3.4111 mA   	100.0             
1.1 	887.966 uA  	100.0             
1.2 	258.219 uA  	100.0             
1.3 	59.4843 uA  	100.0             
1.4 	12.6375 uA  	100.0             
1.5 	3.25434 uA  	100.0             
1.6 	686.11 nA   	100.0             
1.7 	211.732 nA  	100.0             
1.8 	45.9908 nA  	100.0	349.119 nV   
    Arclength Newton-Raphson converged at 0.563512 in 1 iters

Fwd sourceLevel=611.389e-03   61.14% 2/2  Step=0.5540366655
0.0*	18.0929 mA  	100.0             
1.0 	1.09101 mA  	100.0             
1.1 	133.485 uA  	100.0             
1.2 	14.174 uA   	100.0             
1.3 	1.76196 uA  	100.0             
1.4 	239.595 nA  	100.0             
1.5 	32.552 nA   	100.0	100.087 nV   
    Arclength Newton-Raphson converged at 0.613802 in 1 iters

Fwd sourceLevel=663.281e-03   66.33% 2/2  Step=0.7835261665
0.0*	29.505 mA   	100.0             
1.0 	25.6147 mA  	100.0             
1.1*	9.17831 mA  	100.0             
2.0 	657.372 uA  	100.0             
2.1 	101.638 uA  	100.0             
2.2 	14.4365 uA  	100.0             
2.3 	2.05375 uA  	100.0             
2.4 	286.61 nA   	100.0             
2.5 	39.7042 nA  	100.0	107.445 nV   
    Arclength Newton-Raphson converged at 0.671784 in 2 iters

Fwd sourceLevel=808.98e-03    80.90% 2/2  Step=1.108073331
0.0*	364.72 mA   	100.0             
1.0 	123.58 mA   	100.0             
1.1 	62.7687 mA  	100.0             
1.2 	26.0283 mA  	100.0             
1.3 	8.98082 mA  	100.0             
        Samanskii-Newton iteration failed
1.4*	8.98082 mA  	100.0             
2.0 	1.70394 mA  	100.0             
2.1 	457.424 uA  	100.0             
2.2 	124.677 uA  	100.0             
2.3 	34.8938 uA  	100.0             
2.4 	9.82051 uA  	100.0             
2.5 	2.77877 uA  	100.0             
2.6 	788.037 nA  	100.0             
2.7 	223.778 nA  	100.0             
2.8 	63.5864 nA  	100.0	412.779 nV   
    Arclength Newton-Raphson converged at 1.50392 in 2 iters

    Calculating solution at 1
0.0*	20.6549 mA  	100.0             
        Newton iteration failed, damping activated
1.0*	139.906 mA  	 50.0             
2.0*	14.3155 mA  	100.0             
3.0 	834.024 uA  	100.0             
3.1 	258.324 uA  	100.0             
3.2 	51.6634 uA  	100.0             
3.3 	12.7044 uA  	100.0             
3.4 	2.73779 uA  	100.0             
3.5 	628.903 nA  	100.0             
3.6 	138.441 nA  	100.0	948.049 nV   
    Newton-Raphson converged at 1

Warning detected by hpeesofsim during HB analysis `HB1'.
    Circuit converged with at least one device's P-N junction current
            exceeding the explosion current and junction has been linearized.
            You may want to increase the explosion current in the device model or in
            the Options (if the parameter is not given in the model) and resimulate.
            You may need to increase Maximum number of warnings under Output tab
            in Options to see which devices have been linearized.
Warning detected by hpeesofsim during HB analysis `HB1'.
    ADSHBT Q1.HBT2 explosion current exceeded.
.    RFfreq=3.1e+09        2.50% 2/41
0.0 	20.2633 mA  	100.0             
0.1 	1.6244 mA   	100.0             
0.2 	133.97 uA   	100.0             
0.3 	22.0417 uA  	100.0             
0.4 	2.84669 uA  	100.0             
0.5 	529.571 nA  	100.0             

.    RFfreq=3.2e+09        5.00% 3/41
0.0 	24.0573 mA  	100.0             
0.1 	1.75821 mA  	100.0             
0.2 	148.989 uA  	100.0             
0.3 	19.5198 uA  	100.0             
0.4 	3.384 uA    	100.0             
0.5 	453.395 nA  	100.0             

.    RFfreq=3.3e+09        7.50% 4/41
0.0 	27.5397 mA  	100.0             
0.1 	1.91844 mA  	100.0             
0.2 	249.767 uA  	100.0             
0.3 	43.2186 uA  	100.0             
0.4 	12.235 uA   	100.0             
0.5 	3.79978 uA  	100.0             
0.6 	1.02671 uA  	100.0             
0.7 	249.857 nA  	100.0             

.    RFfreq=3.4e+09       10.00% 5/41
0.0 	29.3123 mA  	100.0             
0.1 	2.94223 mA  	100.0             
0.2 	545.544 uA  	100.0             
0.3 	209.489 uA  	100.0             
0.4 	52.3983 uA  	100.0             
0.5 	12.7802 uA  	100.0             
0.6 	5.30239 uA  	100.0             
0.7 	2.10232 uA  	100.0             
0.8 	733.061 nA  	100.0             

.    RFfreq=3.5e+09       12.50% 6/41
0.0 	25.2215 mA  	100.0             
0.1 	4.13295 mA  	100.0             
0.2 	1.45378 mA  	100.0             
0.3 	954.145 uA  	100.0             
0.4 	475.229 uA  	100.0             
0.5 	224.709 uA  	100.0             
0.6 	132.47 uA   	100.0             
0.7 	50.3336 uA  	100.0             
0.8 	35.1997 uA  	100.0             
0.9 	17.04 uA    	100.0             
0.10 	8.4629 uA   	100.0             
0.11 	4.82769 uA  	100.0             
0.12 	1.80105 uA  	100.0             
0.13 	1.30615 uA  	100.0             

.    RFfreq=3.6e+09       15.00% 7/41
0.0 	25.2007 mA  	100.0             
0.1 	12.9652 mA  	100.0             
0.2 	9.98848 mA  	100.0             
0.3*	6.78008 mA  	100.0             
1.0 	68.3127 uA  	100.0             
1.1 	6.93599 uA  	100.0             
1.2 	556.676 nA  	100.0             
1.3 	47.9329 nA  	100.0	478.204 nV   

.    RFfreq=3.7e+09       17.50% 8/41
0.0 	27.1466 mA  	100.0             
0.1 	10.9147 mA  	100.0             
0.2 	8.77697 mA  	100.0             
0.3*	5.46895 mA  	100.0             
1.0 	14.8865 uA  	100.0             
1.1 	376.646 nA  	100.0             
1.2 	20.7717 nA  	100.0	95.6402 nV   

.    RFfreq=3.8e+09       20.00% 9/41
0.0 	24.7591 mA  	100.0             
0.1 	3.01794 mA  	100.0             
0.2 	1.28445 mA  	100.0             
0.3 	814.978 uA  	100.0             
0.4 	399.988 uA  	100.0             
0.5 	149.052 uA  	100.0             
0.6 	98.2197 uA  	100.0             
0.7 	51.3333 uA  	100.0             
0.8 	20.5763 uA  	100.0             
0.9 	12.536 uA   	100.0             
0.10 	6.63118 uA  	100.0             
0.11 	2.73012 uA  	100.0             
0.12 	1.45897 uA  	100.0             

.    RFfreq=3.9e+09       22.50% 10/41
0.0 	27.2171 mA  	100.0             
0.1 	1.76348 mA  	100.0             
0.2 	403.427 uA  	100.0             
0.3 	124.108 uA  	100.0             
0.4 	41.3662 uA  	100.0             
0.5 	13.15 uA    	100.0             
0.6 	3.97295 uA  	100.0             
0.7 	1.62936 uA  	100.0             

.    RFfreq=4e+09         25.00% 11/41
0.0 	28.0133 mA  	100.0             
0.1 	2.10159 mA  	100.0             
0.2 	345.013 uA  	100.0             
0.3 	44.2962 uA  	100.0             
0.4 	10.0264 uA  	100.0             
0.5 	2.1605 uA   	100.0             
0.6 	475.776 nA  	100.0             

.    RFfreq=4.1e+09       27.50% 12/41
0.0 	25.3048 mA  	100.0             
0.1 	1.55684 mA  	100.0             
0.2 	180.922 uA  	100.0             
0.3 	33.3043 uA  	100.0             
0.4 	4.33648 uA  	100.0             
0.5 	601.794 nA  	100.0             

.    RFfreq=4.2e+09       30.00% 13/41
0.0 	25.3369 mA  	100.0             
0.1 	1.85799 mA  	100.0             
0.2 	158.023 uA  	100.0             
0.3 	14.8376 uA  	100.0             
0.4 	2.23721 uA  	100.0             

.    RFfreq=4.3e+09       32.50% 14/41
0.0 	26.0845 mA  	100.0             
0.1 	1.82458 mA  	100.0             
0.2 	99.6973 uA  	100.0             
0.3 	10.3525 uA  	100.0             
0.4 	828.07 nA   	100.0             

.    RFfreq=4.4e+09       35.00% 15/41
0.0 	24.8894 mA  	100.0             
0.1 	1.48526 mA  	100.0             
0.2 	104.238 uA  	100.0             
0.3 	5.73763 uA  	100.0             
0.4 	795.81 nA   	100.0             

.    RFfreq=4.5e+09       37.50% 16/41
0.0 	22.3917 mA  	100.0             
0.1 	1.35436 mA  	100.0             
0.2 	120.331 uA  	100.0             
0.3 	7.11275 uA  	100.0             
0.4 	1.19815 uA  	100.0             
0.5 	81.2985 nA  	100.0             

.    RFfreq=4.6e+09       40.00% 17/41
0.0 	18.7907 mA  	100.0             
0.1 	1.76993 mA  	100.0             
0.2 	154.719 uA  	100.0             
0.3 	9.58868 uA  	100.0             
0.4 	1.578 uA    	100.0             
0.5 	111.048 nA  	100.0             

.    RFfreq=4.7e+09       42.50% 18/41
0.0 	14.7028 mA  	100.0             
0.1 	2.08344 mA  	100.0             
0.2 	161.576 uA  	100.0             
0.3 	11.0387 uA  	100.0             
0.4 	1.67318 uA  	100.0             
0.5 	136.359 nA  	100.0             

.    RFfreq=4.8e+09       45.00% 19/41
0.0 	14.0384 mA  	100.0             
0.1 	2.02944 mA  	100.0             
0.2 	180.755 uA  	100.0             
0.3 	40.9882 uA  	100.0             
0.4 	6.56535 uA  	100.0             
0.5 	1.59263 uA  	100.0             

.    RFfreq=4.9e+09       47.50% 20/41
0.0 	12.7843 mA  	100.0             
0.1 	1.7301 mA   	100.0             
0.2 	184.762 uA  	100.0             
0.3 	111.976 uA  	100.0             
0.4 	43.5737 uA  	100.0             
0.5 	20.041 uA   	100.0             
0.6 	8.90451 uA  	100.0             
0.7 	3.97216 uA  	100.0             
0.8 	1.77372 uA  	100.0             
0.9 	791.18 nA   	100.0             
0.10 	353.113 nA  	100.0             

.    RFfreq=5e+09         50.00% 21/41
0.0 	12.5337 mA  	100.0             
0.1 	668.41 uA   	100.0             
0.2 	428.345 uA  	100.0             
0.3 	218.842 uA  	100.0             
0.4 	142.404 uA  	100.0             
0.5 	95.1207 uA  	100.0             
0.6 	62.6027 uA  	100.0             
0.7 	41.4194 uA  	100.0             
0.8 	27.3834 uA  	100.0             
0.9 	18.0996 uA  	100.0             
0.10 	11.9685 uA  	100.0             
0.11 	7.91141 uA  	100.0             
0.12 	5.23098 uA  	100.0             
0.13 	3.45807 uA  	100.0             
0.14*	2.28632 uA  	100.0             
1.0 	923.425 pA  	100.0	32.7232 nV   

.    RFfreq=5.1e+09       52.50% 22/41
0.0 	13.0762 mA  	100.0             
0.1 	2.36464 mA  	100.0             
0.2 	1.35504 mA  	100.0             
0.3 	1.02045 mA  	100.0             
0.4 	718.691 uA  	100.0             
0.5*	563.83 uA   	100.0             
1.0 	2.94464 uA  	100.0             
1.1 	34.8836 nA  	100.0	299.279 nV   

.    RFfreq=5.2e+09       55.00% 23/41
0.0 	11.7865 mA  	100.0             
0.1 	5.32902 mA  	100.0             
0.2 	2.83001 mA  	100.0             
0.3 	1.60421 mA  	100.0             
0.4 	956.25 uA   	100.0             
0.5 	520.825 uA  	100.0             
0.6 	296.273 uA  	100.0             
0.7 	178.552 uA  	100.0             
0.8 	100.465 uA  	100.0             
0.9 	62.1564 uA  	100.0             
0.10 	34.7533 uA  	100.0             
0.11 	21.661 uA   	100.0             
0.12 	12.059 uA   	100.0             
0.13 	7.56469 uA  	100.0             
0.14*	4.19731 uA  	100.0             
1.0 	2.23631 nA  	100.0	57.6245 nV   

.    RFfreq=5.3e+09       57.50% 24/41
0.0 	22.862 mA   	100.0             
0.1 	11.1388 mA  	100.0             
0.2 	6.03741 mA  	100.0             
0.3 	3.87514 mA  	100.0             
0.4 	2.47439 mA  	100.0             
0.5 	1.65071 mA  	100.0             
0.6 	1.17392 mA  	100.0             
0.7*	869.252 uA  	100.0             
1.0 	45.3898 uA  	100.0             
1.1 	1.14909 uA  	100.0             
1.2 	42.32 nA    	100.0	230.604 nV   

.    RFfreq=5.4e+09       60.00% 25/41
0.0 	87.9771 A   	100.0             
        Samanskii-Newton iteration failed
0.1*	4.30279e+33A	100.0             
        Newton iteration failed, damping activated
1.0*	3.15755 kA  	 50.0             
2.0*	57.8434 A   	 50.0             
3.0 	43.5851 A   	100.0             
3.1 	29.1124 A   	100.0             
3.2 	10.6612 A   	100.0             
3.3 	8.24627 A   	100.0             
3.4 	6.78074 A   	100.0             
3.5*	5.87471 A   	100.0             
4.0 	2.69546 A   	100.0             
4.1 	1.8374 A    	100.0             
4.2 	1.37165 A   	100.0             
4.3 	1.10841 A   	100.0             
4.4 	926.331 mA  	100.0             
4.5 	801.776 mA  	100.0             
4.6 	701.623 mA  	100.0             
4.7 	629.538 mA  	100.0             
4.8 	564.054 mA  	100.0             
4.9 	519.073 mA  	100.0             
4.10 	470.135 mA  	100.0             
4.11 	443.043 mA  	100.0             
4.12*	401.371 mA  	100.0             
5.0 	144.23 mA   	100.0             
5.1 	97.0681 mA  	100.0             
5.2 	73.6774 mA  	100.0             
5.3 	59.155 mA   	100.0             
5.4 	49.2755 mA  	100.0             
5.5 	42.0565 mA  	100.0             
5.6 	36.554 mA   	100.0             
5.7 	32.2103 mA  	100.0             
5.8 	28.6946 mA  	100.0             
5.9 	25.7889 mA  	100.0             
5.10 	23.3476 mA  	100.0             
5.11 	21.2675 mA  	100.0             
5.12 	19.4745 mA  	100.0             
5.13 	17.9133 mA  	100.0             
5.14*	16.5423 mA  	100.0             
6.0 	3.76196 mA  	100.0             
6.1 	1.71814 mA  	100.0             
6.2 	865.626 uA  	100.0             
6.3 	454.308 uA  	100.0             
6.4 	243.139 uA  	100.0             
6.5 	131.432 uA  	100.0             
6.6 	71.423 uA   	100.0             
6.7 	38.9231 uA  	100.0             
6.8 	21.2443 uA  	100.0             
6.9 	11.6049 uA  	100.0             
6.10 	6.34213 uA  	100.0             
6.11 	3.46687 uA  	100.0             
6.12 	1.89539 uA  	100.0             
6.13 	1.03632 uA  	100.0             
6.14*	566.637 nA  	100.0             
7.0 	774.255 pA  	100.0	24.7192 nV   

.    RFfreq=5.5e+09       62.50% 26/41
0.0 	31.9698 A   	100.0             
        Samanskii-Newton iteration failed
0.1*	111.961e+39A	100.0             
        Newton iteration failed, damping activated
1.0*	452.704e+30A	 12.5             
2.0*	28.2141 A   	 25.0             
3.0*	21.9699 A   	 50.0             
4.0*	13.3068 A   	100.0             
5.0 	4.82088 A   	100.0             
5.1 	3.30264 A   	100.0             
5.2 	2.54276 A   	100.0             
5.3*	2.07616 A   	100.0             
6.0 	749.886 mA  	 50.0             
6.1 	620.862 mA  	100.0             
6.2 	453.036 mA  	 50.0             
6.3 	403.023 mA  	100.0             
6.4*	326.938 mA  	 25.0             
7.0 	254.057 mA  	 50.0             
7.1 	169.903 mA  	 12.5             
7.2 	158.597 mA  	 25.0             
7.3*	139.286 mA  	 50.0             
8.0 	82.9667 mA  	100.0             
8.1 	41.4684 mA  	100.0             
8.2 	27.6546 mA  	 50.0             
8.3 	23.8131 mA  	100.0             
8.4 	17.9255 mA  	 50.0             
8.5 	15.9338 mA  	100.0             
8.6 	12.6559 mA  	 50.0             
8.7 	11.4451 mA  	100.0             
8.8*	9.37104 mA  	100.0             
9.0 	1.40623 mA  	100.0             
9.1 	426.229 uA  	100.0             
9.2 	138.769 uA  	100.0             
9.3 	46.1206 uA  	100.0             
9.4 	15.4302 uA  	100.0             
9.5 	5.17363 uA  	100.0             
9.6 	1.73595 uA  	100.0             
9.7 	582.617 nA  	100.0             
9.8 	195.553 nA  	100.0             
9.9 	65.6386 nA  	100.0             
9.10 	22.0322 nA  	100.0	80.7108 nV   

.    RFfreq=5.6e+09       65.00% 27/41
0.0 	22.6035 mA  	100.0             
0.1 	15.1196 mA  	100.0             
0.2*	9.20312 mA  	100.0             
1.0 	285.633 uA  	100.0             
1.1 	34.0666 uA  	100.0             
1.2 	4.23147 uA  	100.0             
1.3 	529.39 nA   	100.0             
1.4 	66.4003 nA  	100.0             
1.5 	8.34295 nA  	100.0	22.015 nV    

.    RFfreq=5.7e+09       67.50% 28/41
0.0 	26.0393 mA  	100.0             
0.1 	4.66738 mA  	100.0             
0.2 	1.3863 mA   	100.0             
0.3 	1.00196 mA  	100.0             
0.4 	329.819 uA  	100.0             
0.5 	206.29 uA   	100.0             
0.6 	106.622 uA  	100.0             
0.7 	57.6576 uA  	100.0             
0.8 	31.9738 uA  	100.0             
0.9 	17.0558 uA  	100.0             
0.10 	9.38526 uA  	100.0             
0.11 	5.05022 uA  	100.0             
0.12 	2.74823 uA  	100.0             
0.13 	1.48662 uA  	100.0             
0.14*	804.881 nA  	100.0             
1.0 	713.913 pA  	100.0	21.9948 nV   

.    RFfreq=5.8e+09       70.00% 29/41
0.0 	39.8853 mA  	100.0             
0.1 	7.08191 mA  	100.0             
0.2 	3.55741 mA  	100.0             
0.3 	3.18892 mA  	100.0             
0.4*	2.16595 mA  	100.0             
1.0 	259.158 uA  	100.0             
1.1 	86.4413 uA  	100.0             
1.2 	30.7887 uA  	100.0             
1.3 	11.0763 uA  	100.0             
1.4 	4.00434 uA  	100.0             
1.5 	1.44991 uA  	100.0             
1.6 	525.292 nA  	100.0             
1.7 	190.35 nA   	100.0             
1.8 	68.982 nA   	100.0	3.16077 uV   

.    RFfreq=5.9e+09       72.50% 30/41
0.0 	170.013 mA  	100.0             
        Samanskii-Newton iteration failed
0.1*	23.0825e+33A	100.0             
1.0*	51.8873 mA  	100.0             
2.0 	14.1215 mA  	100.0             
2.1 	8.48896 mA  	100.0             
2.2 	5.91528 mA  	100.0             
2.3*	4.39484 mA  	100.0             
3.0 	709.374 uA  	100.0             
3.1 	220.592 uA  	100.0             
3.2 	73.9512 uA  	100.0             
3.3 	25.3006 uA  	100.0             
3.4 	8.71482 uA  	100.0             
3.5 	3.00875 uA  	100.0             
3.6 	1.03958 uA  	100.0             
3.7 	359.29 nA   	100.0             
3.8 	124.187 nA  	100.0	2.18482 uV   

.    RFfreq=6e+09         75.00% 31/41
0.0 	29.7264 mA  	100.0             
0.1 	20.2372 mA  	100.0             
0.2 	15.113 mA   	100.0             
0.3*	8.94633 mA  	100.0             
1.0 	328.65 uA   	100.0             
1.1 	62.522 uA   	100.0             
1.2 	12.1018 uA  	100.0             
1.3 	2.42333 uA  	100.0             
1.4 	489.105 nA  	100.0             
1.5 	99.1541 nA  	100.0	1.88357 uV   

.    RFfreq=6.1e+09       77.50% 32/41
0.0 	14.9207 mA  	100.0             
0.1 	4.14257 mA  	100.0             
0.2 	1.56698 mA  	100.0             
0.3 	482.915 uA  	100.0             
0.4 	153.574 uA  	100.0             
0.5 	47.1377 uA  	100.0             
0.6 	14.3207 uA  	100.0             
0.7 	4.34238 uA  	100.0             
0.8 	1.30917 uA  	100.0             
0.9 	394.94 nA   	100.0             

.    RFfreq=6.2e+09       80.00% 33/41
0.0 	15.6417 mA  	100.0             
0.1 	1.57408 mA  	100.0             
0.2 	416.052 uA  	100.0             
0.3 	83.0142 uA  	100.0             
0.4 	16.5493 uA  	100.0             
0.5 	3.16947 uA  	100.0             
0.6 	579.276 nA  	100.0             

.    RFfreq=6.3e+09       82.50% 34/41
0.0 	15.2418 mA  	100.0             
0.1 	864.097 uA  	100.0             
0.2 	165.254 uA  	100.0             
0.3 	21.8787 uA  	100.0             
0.4 	3.63389 uA  	100.0             
0.5 	489.249 nA  	100.0             

.    RFfreq=6.4e+09       85.00% 35/41
0.0 	14.6261 mA  	100.0             
0.1 	803.419 uA  	100.0             
0.2 	84.3714 uA  	100.0             
0.3 	8.60744 uA  	100.0             
0.4 	1.2952 uA   	100.0             
0.5 	151.493 nA  	100.0             

.    RFfreq=6.5e+09       87.50% 36/41
0.0 	14.2426 mA  	100.0             
0.1 	851.348 uA  	100.0             
0.2 	91.2585 uA  	100.0             
0.3 	13.4528 uA  	100.0             
0.4 	1.92826 uA  	100.0             
0.5 	305.486 nA  	100.0             

.    RFfreq=6.6e+09       90.00% 37/41
0.0 	14.4382 mA  	100.0             
0.1 	1.11265 mA  	100.0             
0.2 	142.643 uA  	100.0             
0.3 	27.511 uA   	100.0             
0.4 	5.89262 uA  	100.0             
0.5 	1.20244 uA  	100.0             

.    RFfreq=6.7e+09       92.50% 38/41
0.0 	15.6372 mA  	100.0             
0.1 	1.57166 mA  	100.0             
0.2 	357.682 uA  	100.0             
0.3 	85.0037 uA  	100.0             
0.4 	20.9994 uA  	100.0             
0.5 	6.3031 uA   	100.0             
0.6 	1.72576 uA  	100.0             

.    RFfreq=6.8e+09       95.00% 39/41
0.0 	18.4754 mA  	100.0             
0.1 	3.07618 mA  	100.0             
0.2 	873.078 uA  	100.0             
0.3 	389.553 uA  	100.0             
0.4 	180.934 uA  	100.0             
0.5 	83.5704 uA  	100.0             
0.6 	31.5255 uA  	100.0             
0.7 	16.3346 uA  	100.0             
0.8 	8.34976 uA  	100.0             
0.9 	3.4414 uA   	100.0             
0.10 	1.36755 uA  	100.0             

.    RFfreq=6.9e+09       97.50% 40/41
0.0 	18.0877 mA  	100.0             
0.1 	7.9021 mA   	100.0             
0.2 	5.45412 mA  	100.0             
0.3 	4.54097 mA  	100.0             
0.4 	2.52851 mA  	100.0             
0.5*	2.47652 mA  	100.0             
1.0 	11.5789 uA  	100.0             
1.1 	194.644 nA  	100.0             
1.2 	4.34193 nA  	100.0	19.586 nV    

.    RFfreq=7e+09        100.00% 41/41
0.0 	21.9456 mA  	100.0             
0.1 	12.5243 mA  	100.0             
0.2 	13.8402 mA  	100.0             
        Samanskii-Newton iteration failed
0.3*	14.6651 mA  	100.0             
1.0 	72.6855 uA  	100.0             
1.1 	4.61359 uA  	100.0             
1.2 	476.297 nA  	100.0             
1.3 	32.8261 nA  	100.0	241.418 nV   

.An HB truncation error may be present.
o The HB truncation error is due to using a finite order 
  (number of harmonics) in the representation of the
  circuit signals.

Waveform                Trunc error             Tolerance
---------------------------------------------------------
Q1.HBT2.ci              2.519e-02       >       2.990e-06
Q1.HBT2.cx              2.488e-02       >       2.971e-06
Q1.HBT2.c               2.348e-02       >       2.876e-06
Q1.N__8                 2.348e-02       >       2.876e-06
Q1.HBT1.ci              8.750e-03       >       1.352e-06

o Number of waveforms violating the HB truncation error check:
        24 out of 28 waveforms.
o Estimated max HB truncation error: 2.519e-02 @ waveform Q1.HBT2.ci .
o The maximal HB truncation error estimate is greater than the 
  achieved tolerance of 2.990e-06 for this waveform.
o A time-domain plot of the N__21 waveform may show the error as 
  Gibbs ripples.
o To reduce the error, increase the order (number of harmonics) 
  and re-simulate.

DC Q1.DC1[1] <G_lib:cell_1:schematic>  
.
.

DC convergence achieved in 69 iterations.
Warning detected by hpeesofsim during circuit set up.
    Evaluation failed for ` Pdel_W=0.5*real(Vload[1]*conj(Iload.i[1]))':  "Pdel_W":
      Operation "[ ] sweep access", index out of range in dimension 1, independent "freq" must use an index in the range 0 <= index < 1
Warning detected by hpeesofsim during circuit set up.
    Evaluation failed for `Pdel_dBm=10*log(Pdel_W)+30':  "Pdel_W", from:
      Pdel_dBm -> Pdel_W
    Error:
      Operation "[ ] sweep access", index out of range in dimension 1, independent "freq" must use an index in the range 0 <= index < 1
Warning detected by hpeesofsim during circuit set up.
    Evaluation failed for `P_In_Watts=0.5*real(Vinput[1]*conj(I_input.i[1]))':  "P_In_Watts":
      Operation "[ ] sweep access", index out of range in dimension 1, independent "freq" must use an index in the range 0 <= index < 1
Warning detected by hpeesofsim during circuit set up.
    Evaluation failed for `Gain_Transducer=Pdel_dBm-RFpower':  "Pdel_W", from:
      Gain_Transducer -> Pdel_dBm -> Pdel_W
    Error:
      Operation "[ ] sweep access", index out of range in dimension 1, independent "freq" must use an index in the range 0 <= index < 1

Resource usage:
  Total stopwatch time     =     1.78 seconds.

