
hpeesofsim (*) 450.shp Jan 21 2016, MINT version 4
    (64-bit windows built: 01/21/16 15:34:19)
Copyright 1995 - 2015 Keysight Technologies, 1989-2016.


HB HB1[1] <G_lib:GT-BJT:schematic>   RFfreq=(3e+09->7e+09)
Pt DC convergence is used.
    Number of tones:   1.
    Number of frequencies:   4.
    Number of time samples:  16.
    Number of HB equations (HB problem size): 378.
    Number of SS/noise equations (SS/noise problem size): 756.
    Auto mode: on.
    Convergence mode: Auto.
    Linear solver: direct.
    RFfreq=3e+09          0.00% 1/41
------------------------------------------------------------------------------
Newton solver:					
Iter	KCL residual	Damp %	Sol update
------------------------------------------------------------------------------
0.0*	3.63561 MA  	100.0             
        Newton iteration failed, damping activated
1.0*	298.515e+36A	100.0             
2.0*	298.515e+36A	100.0             
    Switching to arc-length continuation...
Fwd sourceLevel=127.742e-03   12.77% 2/2  Step=0.5
0.0*	8.52112 mA  	100.0             
1.0 	813.127 uA  	100.0             
1.1 	162.235 uA  	100.0             
1.2 	42.6839 uA  	100.0             
1.3 	11.5268 uA  	100.0             
1.4 	3.44476 uA  	100.0             
1.5 	950.758 nA  	100.0             
1.6 	318.044 nA  	100.0             
1.7 	98.9391 nA  	100.0             
1.8 	33.6223 nA  	100.0             
1.9 	11.2964 nA  	100.0	398.43 nV    
    Arclength Newton-Raphson converged at 0.114698 in 1 iters

Fwd sourceLevel=245.024e-03   24.50% 2/2  Step=0.7071067812
0.0*	13.9685 mA  	100.0             
1.0 	1.4364 mA   	100.0             
1.1 	424.501 uA  	100.0             
1.2 	121.811 uA  	100.0             
1.3 	34.9033 uA  	100.0             
1.4 	9.91055 uA  	100.0             
1.5 	2.80325 uA  	100.0             
1.6 	796.845 nA  	100.0             
1.7 	226.501 nA  	100.0             
1.8 	64.2175 nA  	100.0             
1.9 	18.1709 nA  	100.0	186.69 nV    
    Arclength Newton-Raphson converged at 0.224852 in 1 iters

Fwd sourceLevel=377.737e-03   37.77% 2/2  Step=1
0.0*	14.1297 mA  	100.0             
1.0 	1.46258 mA  	100.0             
1.1 	374.219 uA  	100.0             
1.2 	117.712 uA  	100.0             
1.3 	40.8005 uA  	100.0             
1.4 	14.9029 uA  	100.0             
1.5 	6.40803 uA  	100.0             
1.6 	3.00152 uA  	100.0             
1.7 	1.36366 uA  	100.0             
1.8 	601.937 nA  	100.0             
1.9 	260.191 nA  	100.0             
1.10 	110.704 nA  	100.0             
1.11 	46.5252 nA  	100.0             
1.12 	19.3623 nA  	100.0             
1.13 	7.994 nA    	100.0	398.866 nV   
    Arclength Newton-Raphson converged at 0.458379 in 1 iters

Fwd sourceLevel=954.322e-03   95.43% 2/2  Step=1.414213562
0.0*	20.1417 mA  	100.0             
1.0 	2.32769 mA  	100.0             
1.1 	896.228 uA  	100.0             
1.2 	423.474 uA  	100.0             
1.3 	211.556 uA  	100.0             
1.4 	108.279 uA  	100.0             
1.5 	57.6169 uA  	100.0             
1.6 	30.3295 uA  	100.0             
1.7 	16.0718 uA  	100.0             
1.8 	8.94862 uA  	100.0             
1.9 	4.94335 uA  	100.0             
1.10 	2.71033 uA  	100.0             
1.11 	1.47567 uA  	100.0             
1.12 	798.294 nA  	100.0             
1.13 	429.295 nA  	100.0             
1.14*	229.591 nA  	100.0             
2.0 	218.995 pA  	100.0	5.17424 nV   
    Arclength Newton-Raphson converged at 1.38763 in 2 iters

    Calculating solution at 1
0.0*	2.92417 mA  	100.0             
1.0 	569.229 uA  	100.0             
1.1 	254.72 uA   	100.0             
1.2 	109.663 uA  	100.0             
1.3 	48.2305 uA  	100.0             
1.4 	20.8674 uA  	100.0             
1.5 	9.03337 uA  	100.0             
1.6 	3.88773 uA  	100.0             
1.7 	1.6699 uA   	100.0             
1.8 	715.193 nA  	100.0             
1.9 	305.719 nA  	100.0             
1.10 	130.434 nA  	100.0             
1.11 	55.5619 nA  	100.0             
1.12 	23.6343 nA  	100.0             
1.13 	10.0408 nA  	100.0	740.323 nV   
    Newton-Raphson converged at 1

.    RFfreq=3.1e+09        2.50% 2/41
0.0 	36.472 mA   	100.0             
0.1 	13.2174 mA  	100.0             
0.2 	7.91111 mA  	100.0             
0.3 	4.30334 mA  	100.0             
0.4 	2.80767 mA  	100.0             
0.5*	1.64054 mA  	100.0             
1.0 	3.56639 uA  	100.0             
1.1 	90.3067 nA  	100.0             
1.2 	2.25416 nA  	100.0	51.9764 nV   

.    RFfreq=3.2e+09        5.00% 3/41
0.0 	22.5486 mA  	100.0             
0.1 	6.07188 mA  	100.0             
0.2 	1.81203 mA  	100.0             
0.3 	639.239 uA  	100.0             
0.4 	254.792 uA  	100.0             
0.5 	92.2865 uA  	100.0             
0.6 	36.6244 uA  	100.0             
0.7 	13.3906 uA  	100.0             
0.8 	5.30302 uA  	100.0             
0.9 	1.93892 uA  	100.0             
0.10 	770.169 nA  	100.0             
0.11 	280.348 nA  	100.0             

.    RFfreq=3.3e+09        7.50% 4/41
0.0 	21.6795 mA  	100.0             
0.1 	4.19127 mA  	100.0             
0.2 	663.804 uA  	100.0             
0.3 	187.81 uA   	100.0             
0.4 	53.2624 uA  	100.0             
0.5 	15.199 uA   	100.0             
0.6 	3.94638 uA  	100.0             
0.7 	1.29102 uA  	100.0             
0.8 	286.207 nA  	100.0             
0.9 	106.589 nA  	100.0             

.    RFfreq=3.4e+09       10.00% 5/41
0.0 	17.5066 mA  	100.0             
0.1 	3.20765 mA  	100.0             
0.2 	431.597 uA  	100.0             
0.3 	91.6171 uA  	100.0             
0.4 	21.3135 uA  	100.0             
0.5 	5.34309 uA  	100.0             
0.6 	1.17938 uA  	100.0             
0.7 	302.346 nA  	100.0             

.    RFfreq=3.5e+09       12.50% 6/41
0.0 	14.3678 mA  	100.0             
0.1 	2.33237 mA  	100.0             
0.2 	255.194 uA  	100.0             
0.3 	39.3326 uA  	100.0             
0.4 	6.54526 uA  	100.0             
0.5 	1.67274 uA  	100.0             
0.6 	299.287 nA  	100.0             

.    RFfreq=3.6e+09       15.00% 7/41
0.0 	13.3726 mA  	100.0             
0.1 	1.58124 mA  	100.0             
0.2 	226.386 uA  	100.0             
0.3 	75.2976 uA  	100.0             
        Samanskii-Newton iteration failed
0.4*	231.607 uA  	100.0             
1.0 	294.106 pA  	100.0	4.13171 nV   

.    RFfreq=3.7e+09       17.50% 8/41
0.0 	11.4625 mA  	100.0             
0.1 	1.10104 mA  	100.0             
0.2 	298.562 uA  	100.0             
0.3 	84.4455 uA  	100.0             
0.4 	43.1713 uA  	100.0             
0.5 	20.4595 uA  	100.0             
0.6 	7.89312 uA  	100.0             
0.7 	6.98244 uA  	100.0             
        Samanskii-Newton iteration failed
0.8*	9.99804 uA  	100.0             
1.0 	40.712 pA   	100.0	673.829 pV   

.    RFfreq=3.8e+09       20.00% 9/41
0.0 	10.4765 mA  	100.0             
0.1 	2.46742 mA  	100.0             
0.2 	1.62974 mA  	100.0             
0.3*	953.665 uA  	100.0             
1.0 	1.12759 uA  	100.0             
1.1 	5.41389 nA  	100.0	28.6108 nV   

.    RFfreq=3.9e+09       22.50% 10/41
0.0 	14.4114 mA  	100.0             
0.1 	11.7388 mA  	100.0             
0.2*	7.53806 mA  	100.0             
1.0 	93.1882 uA  	100.0             
1.1 	6.21797 uA  	100.0             
1.2 	361.628 nA  	100.0             
1.3 	16.7925 nA  	100.0	248.25 nV    

.    RFfreq=4e+09         25.00% 11/41
0.0 	19.2897 mA  	100.0             
0.1 	17.0977 mA  	100.0             
0.2*	16.6126 mA  	100.0             
1.0 	210.195 uA  	100.0             
1.1 	21.6906 uA  	100.0             
1.2 	2.58167 uA  	100.0             
1.3 	284.238 nA  	100.0             
1.4 	31.9692 nA  	100.0	395.68 nV    

.    RFfreq=4.1e+09       27.50% 12/41
0.0 	9.99829 mA  	100.0             
0.1 	6.36793 mA  	100.0             
0.2 	3.36465 mA  	100.0             
0.3 	2.38834 mA  	100.0             
0.4*	1.39809 mA  	100.0             
1.0 	436.378 nA  	100.0             
1.1 	940.871 pA  	100.0	6.8658 nV    

.    RFfreq=4.2e+09       30.00% 13/41
0.0 	5.94892 mA  	100.0             
0.1 	1.65836 mA  	100.0             
0.2 	629.994 uA  	100.0             
0.3 	294.264 uA  	100.0             
0.4 	132.494 uA  	100.0             
0.5 	52.5876 uA  	100.0             
0.6 	18.3285 uA  	100.0             
0.7 	8.12228 uA  	100.0             
0.8 	3.61025 uA  	100.0             
0.9 	1.49074 uA  	100.0             
0.10 	544.504 nA  	100.0             

.    RFfreq=4.3e+09       32.50% 14/41
0.0 	3.68687 mA  	100.0             
0.1 	733.54 uA   	100.0             
0.2 	200.216 uA  	100.0             
0.3 	56.8522 uA  	100.0             
0.4 	15.7958 uA  	100.0             
0.5 	4.29077 uA  	100.0             
0.6 	1.38163 uA  	100.0             
0.7 	437.113 nA  	100.0             

.    RFfreq=4.4e+09       35.00% 15/41
0.0 	2.58553 mA  	100.0             
0.1 	355.15 uA   	100.0             
0.2 	70.2718 uA  	100.0             
0.3 	16.0605 uA  	100.0             
0.4 	3.79705 uA  	100.0             
0.5 	890.302 nA  	100.0             

.    RFfreq=4.5e+09       37.50% 16/41
0.0 	2.03715 mA  	100.0             
0.1 	211.177 uA  	100.0             
0.2 	28.0112 uA  	100.0             
0.3 	4.79718 uA  	100.0             
0.4 	904.9 nA    	100.0             

.    RFfreq=4.6e+09       40.00% 17/41
0.0 	1.65303 mA  	100.0             
0.1 	154.278 uA  	100.0             
0.2 	16.8448 uA  	100.0             
0.3 	2.20083 uA  	100.0             
0.4 	338.88 nA   	100.0             

.    RFfreq=4.7e+09       42.50% 18/41
0.0 	1.34681 mA  	100.0             
0.1 	115.838 uA  	100.0             
0.2 	10.6905 uA  	100.0             
0.3 	1.12957 uA  	100.0             
0.4 	144.782 nA  	100.0             

.    RFfreq=4.8e+09       45.00% 19/41
0.0 	1.11043 mA  	100.0             
0.1 	89.3044 uA  	100.0             
0.2 	7.15671 uA  	100.0             
0.3 	597.798 nA  	100.0             

.    RFfreq=4.9e+09       47.50% 20/41
0.0 	988.171 uA  	100.0             
0.1 	70.0501 uA  	100.0             
0.2 	5.11238 uA  	100.0             
0.3 	325.444 nA  	100.0             

.    RFfreq=5e+09         50.00% 21/41
0.0 	877.715 uA  	100.0             
0.1 	55.0867 uA  	100.0             
0.2 	3.94039 uA  	100.0             
0.3 	194.396 nA  	100.0             

.    RFfreq=5.1e+09       52.50% 22/41
0.0 	798.846 uA  	100.0             
0.1 	43.5351 uA  	100.0             
0.2 	3.34892 uA  	100.0             
0.3 	154.146 nA  	100.0             

.    RFfreq=5.2e+09       55.00% 23/41
0.0 	763.67 uA   	100.0             
0.1 	37.4212 uA  	100.0             
0.2 	3.29668 uA  	100.0             
0.3 	227.219 nA  	100.0             

.    RFfreq=5.3e+09       57.50% 24/41
0.0 	727.489 uA  	100.0             
0.1 	33.6606 uA  	100.0             
0.2 	4.11131 uA  	100.0             
0.3 	484.995 nA  	100.0             

.    RFfreq=5.4e+09       60.00% 25/41
0.0 	695.287 uA  	100.0             
0.1 	106.116 uA  	100.0             
        Samanskii-Newton iteration failed
0.2*	1.62184 mA  	100.0             
1.0 	617.993 pA  	100.0	4.12342 nV   

.    RFfreq=5.5e+09       62.50% 26/41
0.0 	693.044 uA  	100.0             
0.1 	67.5092 uA  	100.0             
0.2 	16.1738 uA  	100.0             
0.3 	5.11234 uA  	100.0             
0.4 	1.611 uA    	100.0             
0.5 	404.899 nA  	100.0             

.    RFfreq=5.6e+09       65.00% 27/41
0.0 	811.608 uA  	100.0             
0.1 	137.2 uA    	100.0             
0.2 	62.8776 uA  	100.0             
0.3 	18.761 uA   	100.0             
0.4 	8.60199 uA  	100.0             
0.5 	2.70911 uA  	100.0             
0.6 	1.1095 uA   	100.0             
0.7 	374.262 nA  	100.0             

.    RFfreq=5.7e+09       67.50% 28/41
0.0 	1.30493 mA  	100.0             
0.1 	359.424 uA  	100.0             
0.2 	204.404 uA  	100.0             
0.3 	78.7313 uA  	100.0             
0.4 	37.016 uA   	100.0             
0.5 	18.5819 uA  	100.0             
0.6 	7.95519 uA  	100.0             
0.7 	3.09905 uA  	100.0             
0.8 	1.67204 uA  	100.0             
0.9 	883.422 nA  	100.0             
0.10 	398.806 nA  	100.0             

.    RFfreq=5.8e+09       70.00% 29/41
0.0 	1.60645 mA  	100.0             
0.1 	727.212 uA  	100.0             
0.2 	359.341 uA  	100.0             
0.3 	152.441 uA  	100.0             
0.4 	57.0275 uA  	100.0             
0.5 	20.1914 uA  	100.0             
0.6 	11.0821 uA  	100.0             
0.7 	7.18454 uA  	100.0             
0.8 	4.24461 uA  	100.0             
0.9 	2.3171 uA   	100.0             
0.10 	1.20051 uA  	100.0             
0.11 	597.512 nA  	100.0             
0.12 	291.704 nA  	100.0             

.    RFfreq=5.9e+09       72.50% 30/41
0.0 	2.16102 mA  	100.0             
0.1 	883.848 uA  	100.0             
0.2 	373.734 uA  	100.0             
0.3 	144.159 uA  	100.0             
0.4 	51.3667 uA  	100.0             
0.5 	18.969 uA   	100.0             
0.6 	7.94883 uA  	100.0             
0.7 	4.94872 uA  	100.0             
0.8 	2.66177 uA  	100.0             
0.9 	1.23689 uA  	100.0             
0.10 	517.629 nA  	100.0             
0.11 	205.127 nA  	100.0             

.    RFfreq=6e+09         75.00% 31/41
0.0 	1.72757 mA  	100.0             
0.1 	706.862 uA  	100.0             
0.2 	261.825 uA  	100.0             
0.3 	122.768 uA  	100.0             
0.4 	57.3441 uA  	100.0             
0.5 	23.6074 uA  	100.0             
0.6 	9.0044 uA   	100.0             
0.7 	3.56005 uA  	100.0             
0.8 	1.90584 uA  	100.0             
0.9 	926.225 nA  	100.0             
0.10 	397.975 nA  	100.0             
0.11 	153.922 nA  	100.0             

.    RFfreq=6.1e+09       77.50% 32/41
0.0 	998.428 uA  	100.0             
0.1 	357.065 uA  	100.0             
0.2 	113.732 uA  	100.0             
0.3 	50.3253 uA  	100.0             
0.4 	14.8415 uA  	100.0             
0.5 	6.48277 uA  	100.0             
0.6 	1.94079 uA  	100.0             
0.7 	828.928 nA  	100.0             
0.8 	258.704 nA  	100.0             

.    RFfreq=6.2e+09       80.00% 33/41
0.0 	675.204 uA  	100.0             
0.1 	138.936 uA  	100.0             
0.2 	49.211 uA   	100.0             
0.3 	13.7364 uA  	100.0             
0.4 	3.48678 uA  	100.0             
0.5 	1.20179 uA  	100.0             
0.6 	321.918 nA  	100.0             

.    RFfreq=6.3e+09       82.50% 34/41
0.0 	514.174 uA  	100.0             
0.1 	73.1767 uA  	100.0             
0.2 	15.2552 uA  	100.0             
0.3 	4.10941 uA  	100.0             
0.4 	1.07807 uA  	100.0             
0.5 	246.905 nA  	100.0             

.    RFfreq=6.4e+09       85.00% 35/41
0.0 	400.513 uA  	100.0             
0.1 	43.6158 uA  	100.0             
0.2 	8.10947 uA  	100.0             
0.3 	1.48738 uA  	100.0             
0.4 	251.485 nA  	100.0             

.    RFfreq=6.5e+09       87.50% 36/41
0.0 	328.915 uA  	100.0             
0.1 	26.0202 uA  	100.0             
0.2 	4.20207 uA  	100.0             
0.3 	696.593 nA  	100.0             
0.4 	116.64 nA   	100.0             

.    RFfreq=6.6e+09       90.00% 37/41
0.0 	282.136 uA  	100.0             
0.1 	16.4529 uA  	100.0             
0.2 	2.18415 uA  	100.0             
0.3 	300.426 nA  	100.0             

.    RFfreq=6.7e+09       92.50% 38/41
0.0 	248.865 uA  	100.0             
0.1 	12.1896 uA  	100.0             
0.2 	1.28803 uA  	100.0             
0.3 	147.775 nA  	100.0             

.    RFfreq=6.8e+09       95.00% 39/41
0.0 	227.846 uA  	100.0             
0.1 	10.5548 uA  	100.0             
0.2 	1.12615 uA  	100.0             
0.3 	171.103 nA  	100.0             

.    RFfreq=6.9e+09       97.50% 40/41
0.0 	218.053 uA  	100.0             
0.1 	11.7578 uA  	100.0             
0.2 	1.88133 uA  	100.0             
0.3 	447.752 nA  	100.0             

.    RFfreq=7e+09        100.00% 41/41
0.0 	218.386 uA  	100.0             
0.1 	17.3593 uA  	100.0             
0.2 	7.72848 uA  	100.0             
0.3 	4.35375 uA  	100.0             
        Samanskii-Newton iteration failed
0.4*	7.9558 uA   	100.0             
1.0 	19.6975 pA  	100.0	281.989 pV   

.An HB truncation error may be present.
o The HB truncation error is due to using a finite order 
  (number of harmonics) in the representation of the
  circuit signals.

Waveform                Trunc error             Tolerance
---------------------------------------------------------
Q1.HBT2.ci              5.564e-05       >       1.057e-06
Q1.HBT2.cx              5.493e-05       >       1.056e-06
Q1.HBT2.c               5.196e-05       >       1.053e-06
Q1.N__8                 5.196e-05       >       1.053e-06
Q1.HBT2.bi              2.716e-05       >       1.006e-06

o Number of waveforms violating the HB truncation error check:
        20 out of 28 waveforms.
o Estimated max HB truncation error: 5.564e-05 @ waveform Q1.HBT2.ci .
o The maximal HB truncation error estimate is greater than the 
  achieved tolerance of 1.057e-06 for this waveform.
o To reduce the error, increase the order (number of harmonics) 
  and re-simulate.

DC Q1.DC1[1] <G_lib:GT-BJT:schematic>  
.
.

DC convergence achieved in 69 iterations.
Warning detected by hpeesofsim during circuit set up.
    Evaluation failed for ` Pdel_W=0.5*real(Vload[1]*conj(Iload.i[1]))':  "Pdel_W":
      Operation "[ ] sweep access", index out of range in dimension 1, independent "freq" must use an index in the range 0 <= index < 1
Warning detected by hpeesofsim during circuit set up.
    Evaluation failed for `Pdel_dBm=10*log(Pdel_W)+30':  "Pdel_W", from:
      Pdel_dBm -> Pdel_W
    Error:
      Operation "[ ] sweep access", index out of range in dimension 1, independent "freq" must use an index in the range 0 <= index < 1
Warning detected by hpeesofsim during circuit set up.
    Evaluation failed for `P_In_Watts=0.5*real(Vinput[1]*conj(I_input.i[1]))':  "P_In_Watts":
      Operation "[ ] sweep access", index out of range in dimension 1, independent "freq" must use an index in the range 0 <= index < 1
Warning detected by hpeesofsim during circuit set up.
    Evaluation failed for `Gain_Transducer=Pdel_dBm-RFpower':  "Pdel_W", from:
      Gain_Transducer -> Pdel_dBm -> Pdel_W
    Error:
      Operation "[ ] sweep access", index out of range in dimension 1, independent "freq" must use an index in the range 0 <= index < 1

Resource usage:
  Total stopwatch time     =     1.43 seconds.

