
hpeesofsim (*) 450.shp Jan 21 2016, MINT version 4
    (64-bit windows built: 01/21/16 15:34:19)
Copyright 1995 - 2015 Keysight Technologies, 1989-2016.


HB HB1[1] <G_lib:GT-LNA:schematic>   RFfreq=(3e+09->8e+09)
Pt DC convergence is used.
    Number of tones:   1.
    Number of frequencies:   2.
    Number of time samples:  8.
    Number of HB equations (HB problem size): 198.
    Number of SS/noise equations (SS/noise problem size): 396.
    Auto mode: on.
    Convergence mode: Auto.
    Linear solver: direct.
    RFfreq=3e+09          0.00% 1/51
------------------------------------------------------------------------------
Newton solver:					
Iter	KCL residual	Damp %	Sol update
------------------------------------------------------------------------------
0.0*	206.302 MA  	100.0             
        Newton iteration failed, damping activated
1.0*	2.14349e+36A	100.0             
2.0*	2.14349e+36A	100.0             
    Switching to arc-length continuation...
Fwd sourceLevel=69.3336e-03    6.93% 2/2  Step=0.5
0.0*	11.3577 mA  	100.0             
1.0 	1.28603 mA  	100.0             
1.1 	700.297 uA  	100.0             
1.2 	364.257 uA  	100.0             
1.3 	189.146 uA  	100.0             
1.4 	99.7131 uA  	100.0             
1.5 	53.0106 uA  	100.0             
1.6 	28.3149 uA  	100.0             
1.7 	15.1617 uA  	100.0             
1.8 	8.12937 uA  	100.0             
1.9 	4.36188 uA  	100.0             
1.10 	2.34129 uA  	100.0             
1.11*	1.25697 uA  	100.0             
2.0 	192.706 pA  	100.0	2.49441 nV   
    Arclength Newton-Raphson converged at 0.0743388 in 2 iters

Fwd sourceLevel=166.373e-03   16.64% 2/2  Step=0.7071067812
0.0*	19.3257 mA  	100.0             
1.0 	4.78997 mA  	100.0             
1.1 	796.805 uA  	100.0             
        Samanskii-Newton iteration failed
1.2*	796.805 uA  	100.0             
    rejected

Fwd sourceLevel=118.164e-03   11.82% 2/2  Step=0.3367175149
0.0*	3.48785 mA  	100.0             
1.0 	192.677 uA  	100.0             
1.1 	49.6561 uA  	100.0             
1.2 	11.6791 uA  	100.0             
1.3 	2.67347 uA  	100.0             
1.4 	613.431 nA  	100.0             
1.5 	140.736 nA  	100.0             
1.6 	32.2913 nA  	100.0	564.135 nV   
    Arclength Newton-Raphson converged at 0.120787 in 1 iters

Fwd sourceLevel=171.385e-03   17.14% 2/2  Step=0.3367175149
0.0*	2.57103 mA  	100.0             
1.0 	115.464 uA  	100.0             
1.1 	31.1716 uA  	100.0             
1.2 	8.64318 uA  	100.0             
1.3 	2.29746 uA  	100.0             
1.4 	606.651 nA  	100.0             
1.5 	159.993 nA  	100.0             
1.6 	42.1831 nA  	100.0             
1.7 	11.121 nA   	100.0	380.774 nV   
    Arclength Newton-Raphson converged at 0.181626 in 1 iters

Fwd sourceLevel=287.647e-03   28.76% 2/2  Step=0.4761904762
0.0*	4.29886 mA  	100.0             
1.0 	209.209 uA  	100.0             
1.1 	39.1449 uA  	100.0             
1.2 	9.98945 uA  	100.0             
1.3 	2.72053 uA  	100.0             
1.4 	755.015 nA  	100.0             
1.5 	210.734 nA  	100.0             
1.6 	58.9268 nA  	100.0             
1.7 	16.4877 nA  	100.0	640.794 nV   
    Arclength Newton-Raphson converged at 0.369709 in 1 iters

Fwd sourceLevel=763.507e-03   76.35% 2/2  Step=0.6734350297
0.0*	4.18388 mA  	100.0             
1.0 	399.812 uA  	100.0             
1.1 	156.233 uA  	100.0             
1.2 	67.5032 uA  	100.0             
1.3 	30.3352 uA  	100.0             
1.4 	13.8081 uA  	100.0             
1.5 	6.3118 uA   	100.0             
1.6 	2.88927 uA  	100.0             
1.7 	1.32323 uA  	100.0             
1.8 	606.117 nA  	100.0             
1.9 	277.653 nA  	100.0             
1.10 	127.191 nA  	100.0             
1.11*	58.2656 nA  	100.0             
2.0 	1.01954 pA  	100.0	27.7994 pV   
    Arclength Newton-Raphson converged at 0.919394 in 2 iters

Fwd sourceLevel=1.76654      176.65% 2/2  Step=0.9523809524
0.0*	2.11362 mA  	100.0             
1.0 	181.286 uA  	100.0             
1.1 	46.5029 uA  	100.0             
1.2 	12.6279 uA  	100.0             
1.3 	3.52558 uA  	100.0             
1.4 	999.682 nA  	100.0             
1.5 	286.278 nA  	100.0             
1.6 	82.5311 nA  	100.0             
1.7 	23.903 nA   	100.0             
1.8 	6.94505 nA  	100.0	225.546 nV   
    Arclength Newton-Raphson converged at 1.81798 in 1 iters

    Calculating solution at 1
0.0*	83.0362 uA  	100.0             
1.0 	1.40064 uA  	100.0             
1.1 	44.5148 nA  	100.0             
1.2 	1.43682 nA  	100.0	84.3295 nV   
    Newton-Raphson converged at 1

.    RFfreq=3.1e+09        2.00% 2/51
0.0 	6.50428 mA  	100.0             
0.1 	815.367 uA  	100.0             
0.2 	274.496 uA  	100.0             
0.3 	135.492 uA  	100.0             
0.4 	66.6136 uA  	100.0             
0.5 	33.871 uA   	100.0             
0.6 	17.3132 uA  	100.0             
0.7 	8.89814 uA  	100.0             
0.8 	4.5829 uA   	100.0             
0.9 	2.3633 uA   	100.0             
0.10 	1.21944 uA  	100.0             
0.11*	629.415 nA  	100.0             
1.0 	12.9521 pA  	100.0	582.792 pV   

.    RFfreq=3.2e+09        4.00% 3/51
0.0 	7.59799 mA  	100.0             
0.1 	920.218 uA  	100.0             
0.2 	503.195 uA  	100.0             
0.3 	266.392 uA  	100.0             
0.4 	150.846 uA  	100.0             
0.5 	87.444 uA   	100.0             
0.6 	51.402 uA   	100.0             
0.7 	30.4524 uA  	100.0             
0.8 	18.1236 uA  	100.0             
0.9 	10.8152 uA  	100.0             
0.10 	6.46425 uA  	100.0             
0.11*	3.86735 uA  	100.0             
1.0 	1.49992 nA  	100.0	32.1774 nV   

.    RFfreq=3.3e+09        6.00% 4/51
0.0 	11.2474 mA  	100.0             
0.1 	1.94082 mA  	100.0             
0.2 	716.44 uA   	100.0             
0.3 	240.243 uA  	100.0             
0.4 	76.3101 uA  	100.0             
0.5 	25.7172 uA  	100.0             
0.6 	8.2272 uA   	100.0             
0.7 	2.75541 uA  	100.0             
0.8 	886.003 nA  	100.0             
0.9 	295.904 nA  	100.0             

.    RFfreq=3.4e+09        8.00% 5/51
0.0 	7.97611 mA  	100.0             
0.1 	3.08346 mA  	100.0             
0.2 	1.72772 mA  	100.0             
0.3 	893.521 uA  	100.0             
0.4 	509.292 uA  	100.0             
0.5 	280.077 uA  	100.0             
0.6 	157.254 uA  	100.0             
0.7 	87.4667 uA  	100.0             
0.8 	48.9032 uA  	100.0             
0.9 	27.2718 uA  	100.0             
0.10 	15.2297 uA  	100.0             
0.11*	8.49882 uA  	100.0             
1.0 	530.555 pA  	100.0	9.26433 nV   

.    RFfreq=3.5e+09       10.00% 6/51
0.0 	6.08268 mA  	100.0             
0.1 	1.66735 mA  	100.0             
0.2 	401.381 uA  	100.0             
0.3 	178.271 uA  	100.0             
0.4 	47.6345 uA  	100.0             
0.5 	20.5323 uA  	100.0             
0.6 	5.82482 uA  	100.0             
0.7 	2.37714 uA  	100.0             
0.8 	706.403 nA  	100.0             
0.9 	276.482 nA  	100.0             

.    RFfreq=3.6e+09       12.00% 7/51
0.0 	6.34229 mA  	100.0             
0.1 	963.113 uA  	100.0             
0.2 	100.454 uA  	100.0             
0.3 	38.4908 uA  	100.0             
0.4 	5.57288 uA  	100.0             
0.5 	2.18261 uA  	100.0             
0.6 	493.029 nA  	100.0             
0.7 	159.996 nA  	100.0             
0.8 	42.4617 nA  	100.0             

.    RFfreq=3.7e+09       14.00% 8/51
0.0 	6.47872 mA  	100.0             
0.1 	506.412 uA  	100.0             
0.2 	29.713 uA   	100.0             
0.3 	8.42726 uA  	100.0             
0.4 	1.37901 uA  	100.0             
0.5 	331.834 nA  	100.0             
0.6 	69.4562 nA  	100.0             

.    RFfreq=3.8e+09       16.00% 9/51
0.0 	5.89705 mA  	100.0             
0.1 	441.079 uA  	100.0             
0.2 	29.6779 uA  	100.0             
0.3 	3.5991 uA   	100.0             
0.4 	286.638 nA  	100.0             
0.5 	37.4611 nA  	100.0             

.    RFfreq=3.9e+09       18.00% 10/51
0.0 	4.9112 mA   	100.0             
0.1 	452.709 uA  	100.0             
0.2 	37.4701 uA  	100.0             
0.3 	4.81948 uA  	100.0             
0.4 	475.863 nA  	100.0             
0.5 	59.4011 nA  	100.0             

.    RFfreq=4e+09         20.00% 11/51
0.0 	3.96493 mA  	100.0             
0.1 	364.426 uA  	100.0             
0.2 	31.7049 uA  	100.0             
0.3 	3.82665 uA  	100.0             
0.4 	399.548 nA  	100.0             

.    RFfreq=4.1e+09       22.00% 12/51
0.0 	3.19998 mA  	100.0             
0.1 	272.036 uA  	100.0             
0.2 	22.3216 uA  	100.0             
0.3 	2.46415 uA  	100.0             
0.4 	246.755 nA  	100.0             

.    RFfreq=4.2e+09       24.00% 13/51
0.0 	2.7883 mA   	100.0             
0.1 	203.534 uA  	100.0             
0.2 	14.6317 uA  	100.0             
0.3 	1.49913 uA  	100.0             
0.4 	139.863 nA  	100.0             

.    RFfreq=4.3e+09       26.00% 14/51
0.0 	2.64326 mA  	100.0             
0.1 	159.595 uA  	100.0             
0.2 	9.22467 uA  	100.0             
0.3 	926.877 nA  	100.0             
0.4 	79.2712 nA  	100.0             

.    RFfreq=4.4e+09       28.00% 15/51
0.0 	2.60093 mA  	100.0             
0.1 	134.559 uA  	100.0             
0.2 	6.32028 uA  	100.0             
0.3 	642.295 nA  	100.0             
0.4 	45.5242 nA  	100.0             

.    RFfreq=4.5e+09       30.00% 16/51
0.0 	2.57935 mA  	100.0             
0.1 	123.126 uA  	100.0             
0.2 	4.37511 uA  	100.0             
0.3 	480.861 nA  	100.0             
0.4 	31.3116 nA  	100.0             

.    RFfreq=4.6e+09       32.00% 17/51
0.0 	2.57161 mA  	100.0             
0.1 	121.144 uA  	100.0             
0.2 	2.67852 uA  	100.0             
0.3 	380.82 nA   	100.0             

.    RFfreq=4.7e+09       34.00% 18/51
0.0 	2.56689 mA  	100.0             
0.1 	125.184 uA  	100.0             
0.2 	1.98525 uA  	100.0             
0.3 	349.716 nA  	100.0             

.    RFfreq=4.8e+09       36.00% 19/51
0.0 	2.55113 mA  	100.0             
0.1 	132.144 uA  	100.0             
0.2 	2.10263 uA  	100.0             
0.3 	329.944 nA  	100.0             

.    RFfreq=4.9e+09       38.00% 20/51
0.0 	2.50868 mA  	100.0             
0.1 	139.003 uA  	100.0             
0.2 	3.85661 uA  	100.0             
0.3 	295.158 nA  	100.0             

.    RFfreq=5e+09         40.00% 21/51
0.0 	2.42396 mA  	100.0             
0.1 	142.732 uA  	100.0             
0.2 	5.38417 uA  	100.0             
0.3 	223.542 nA  	100.0             

.    RFfreq=5.1e+09       42.00% 22/51
0.0 	2.28365 mA  	100.0             
0.1 	140.44 uA   	100.0             
0.2 	6.39903 uA  	100.0             
0.3 	325.799 nA  	100.0             

.    RFfreq=5.2e+09       44.00% 23/51
0.0 	2.07907 mA  	100.0             
0.1 	129.79 uA   	100.0             
0.2 	6.59728 uA  	100.0             
0.3 	381.872 nA  	100.0             

.    RFfreq=5.3e+09       46.00% 24/51
0.0 	1.80841 mA  	100.0             
0.1 	130.17 uA   	100.0             
0.2 	6.70975 uA  	100.0             
0.3 	356.764 nA  	100.0             

.    RFfreq=5.4e+09       48.00% 25/51
0.0 	1.6107 mA   	100.0             
0.1 	152.326 uA  	100.0             
0.2 	8.73555 uA  	100.0             
0.3 	437.822 nA  	100.0             

.    RFfreq=5.5e+09       50.00% 26/51
0.0 	1.78579 mA  	100.0             
0.1 	165.774 uA  	100.0             
0.2 	9.9256 uA   	100.0             
0.3 	538.912 nA  	100.0             

.    RFfreq=5.6e+09       52.00% 27/51
0.0 	1.87284 mA  	100.0             
0.1 	168.101 uA  	100.0             
0.2 	9.96146 uA  	100.0             
0.3 	534.99 nA   	100.0             

.    RFfreq=5.7e+09       54.00% 28/51
0.0 	1.86892 mA  	100.0             
0.1 	158.77 uA   	100.0             
0.2 	8.80105 uA  	100.0             
0.3 	425.566 nA  	100.0             

.    RFfreq=5.8e+09       56.00% 29/51
0.0 	1.78054 mA  	100.0             
0.1 	139.209 uA  	100.0             
0.2 	7.07812 uA  	100.0             
0.3 	496.317 nA  	100.0             

.    RFfreq=5.9e+09       58.00% 30/51
0.0 	1.62221 mA  	100.0             
0.1 	112.336 uA  	100.0             
0.2 	8.28976 uA  	100.0             
0.3 	520.638 nA  	100.0             

.    RFfreq=6e+09         60.00% 31/51
0.0 	1.41342 mA  	100.0             
0.1 	106.526 uA  	100.0             
0.2 	8.47046 uA  	100.0             
0.3 	460.213 nA  	100.0             

.    RFfreq=6.1e+09       62.00% 32/51
0.0 	1.17531 mA  	100.0             
0.1 	112.044 uA  	100.0             
0.2 	7.78653 uA  	100.0             
0.3 	344.93 nA   	100.0             

.    RFfreq=6.2e+09       64.00% 33/51
0.0 	927.601 uA  	100.0             
0.1 	109.459 uA  	100.0             
0.2 	6.51807 uA  	100.0             
0.3 	325.577 nA  	100.0             

.    RFfreq=6.3e+09       66.00% 34/51
0.0 	973.552 uA  	100.0             
0.1 	100.777 uA  	100.0             
0.2 	4.96435 uA  	100.0             
0.3 	329.861 nA  	100.0             

.    RFfreq=6.4e+09       68.00% 35/51
0.0 	980.829 uA  	100.0             
0.1 	88.1572 uA  	100.0             
0.2 	4.4191 uA   	100.0             
0.3 	294.481 nA  	100.0             

.    RFfreq=6.5e+09       70.00% 36/51
0.0 	948.926 uA  	100.0             
0.1 	73.5643 uA  	100.0             
0.2 	4.46557 uA  	100.0             
0.3 	237.238 nA  	100.0             

.    RFfreq=6.6e+09       72.00% 37/51
0.0 	888.752 uA  	100.0             
0.1 	58.5774 uA  	100.0             
0.2 	4.16707 uA  	100.0             
0.3 	173.017 nA  	100.0             

.    RFfreq=6.7e+09       74.00% 38/51
0.0 	810.093 uA  	100.0             
0.1 	45.0268 uA  	100.0             
0.2 	3.65743 uA  	100.0             
0.3 	145.86 nA   	100.0             

.    RFfreq=6.8e+09       76.00% 39/51
0.0 	721.14 uA   	100.0             
0.1 	46.034 uA   	100.0             
0.2 	3.04758 uA  	100.0             
0.3 	143.079 nA  	100.0             

.    RFfreq=6.9e+09       78.00% 40/51
0.0 	628.319 uA  	100.0             
0.1 	44.7048 uA  	100.0             
0.2 	2.41989 uA  	100.0             
0.3 	129.028 nA  	100.0             

.    RFfreq=7e+09         80.00% 41/51
0.0 	536.369 uA  	100.0             
0.1 	41.803 uA   	100.0             
0.2 	1.82907 uA  	100.0             
0.3 	109.163 nA  	100.0             

.    RFfreq=7.1e+09       82.00% 42/51
0.0 	448.559 uA  	100.0             
0.1 	37.9591 uA  	100.0             
0.2 	1.4998 uA   	100.0             
0.3 	87.478 nA   	100.0             

.    RFfreq=7.2e+09       84.00% 43/51
0.0 	366.941 uA  	100.0             
0.1 	33.6619 uA  	100.0             
0.2 	1.46258 uA  	100.0             
0.3 	66.5922 nA  	100.0             

.    RFfreq=7.3e+09       86.00% 44/51
0.0 	347.715 uA  	100.0             
0.1 	29.2703 uA  	100.0             
0.2 	1.35841 uA  	100.0             
0.3 	48.007 nA   	100.0             

.    RFfreq=7.4e+09       88.00% 45/51
0.0 	348.38 uA   	100.0             
0.1 	25.0315 uA  	100.0             
0.2 	1.21559 uA  	100.0             
0.3 	42.6414 nA  	100.0             

.    RFfreq=7.5e+09       90.00% 46/51
0.0 	341.922 uA  	100.0             
0.1 	21.1029 uA  	100.0             
0.2 	1.0551 uA   	100.0             
0.3 	40.1972 nA  	100.0             

.    RFfreq=7.6e+09       92.00% 47/51
0.0 	330.273 uA  	100.0             
0.1 	17.5738 uA  	100.0             
0.2 	891.683 nA  	100.0             
0.3 	36.2194 nA  	100.0             

.    RFfreq=7.7e+09       94.00% 48/51
0.0 	314.954 uA  	100.0             
0.1 	14.482 uA   	100.0             
0.2 	735.03 nA   	100.0             
0.3 	31.5503 nA  	100.0             

.    RFfreq=7.8e+09       96.00% 49/51
0.0 	297.122 uA  	100.0             
0.1 	11.83 uA    	100.0             
0.2 	591.08 nA   	100.0             
0.3 	26.7516 nA  	100.0             

.    RFfreq=7.9e+09       98.00% 50/51
0.0 	277.627 uA  	100.0             
0.1 	11.2245 uA  	100.0             
0.2 	463.137 nA  	100.0             
0.3 	22.1609 nA  	100.0             

.    RFfreq=8e+09        100.00% 51/51
0.0 	257.059 uA  	100.0             
0.1 	10.8999 uA  	100.0             
0.2 	352.748 nA  	100.0             
0.3 	17.942 nA   	100.0             

.
DC Q1.DC1[1] <G_lib:GT-LNA:schematic>  
.
.

DC convergence achieved in 69 iterations.
Warning detected by hpeesofsim during circuit set up.
    Evaluation failed for ` Pdel_W=0.5*real(Vload[1]*conj(Iload.i[1]))':  "Pdel_W":
      Operation "[ ] sweep access", index out of range in dimension 1, independent "freq" must use an index in the range 0 <= index < 1
Warning detected by hpeesofsim during circuit set up.
    Evaluation failed for `Pdel_dBm=10*log(Pdel_W)+30':  "Pdel_W", from:
      Pdel_dBm -> Pdel_W
    Error:
      Operation "[ ] sweep access", index out of range in dimension 1, independent "freq" must use an index in the range 0 <= index < 1
Warning detected by hpeesofsim during circuit set up.
    Evaluation failed for `P_In_Watts=0.5*real(Vinput[1]*conj(I_input.i[1]))':  "P_In_Watts":
      Operation "[ ] sweep access", index out of range in dimension 1, independent "freq" must use an index in the range 0 <= index < 1
Warning detected by hpeesofsim during circuit set up.
    Evaluation failed for `Gain_Transducer=Pdel_dBm-RFpower':  "Pdel_W", from:
      Gain_Transducer -> Pdel_dBm -> Pdel_W
    Error:
      Operation "[ ] sweep access", index out of range in dimension 1, independent "freq" must use an index in the range 0 <= index < 1

Resource usage:
  Total stopwatch time     =     1.03 seconds.

