
hpeesofsim (*) 450.shp Jan 21 2016, MINT version 4
    (64-bit windows built: 01/21/16 15:34:19)
Copyright 1995 - 2015 Keysight Technologies, 1989-2016.


DC Q1.DC1[1] <BJT-bias_lib:P1dB:schematic>  
.Pt DC convergence is used.

.

DC convergence achieved in 69 iterations.

HB HB1[1] <BJT-bias_lib:P1dB:schematic>   RFpower=(-60->5)
    Number of tones:   1.
    Number of frequencies:   2.
    Number of time samples:  8.
    Number of HB equations (HB problem size): 198.
    Number of SS/noise equations (SS/noise problem size): 396.
    Auto mode: on.
    Convergence mode: Auto.
    Linear solver: direct.
    RFpower=-60            0.00% 1/651
------------------------------------------------------------------------------
Newton solver:					
Iter	KCL residual	Damp %	Sol update
------------------------------------------------------------------------------
0.0*	821.079 nA  	100.0             
1.0 	2.3986 pA   	100.0	7.04943 pV   
.    RFpower=-59.9          0.15% 2/651
0.0 	420.739 pA  	100.0             
0.1 	1.26633 pA  	100.0             

.    RFpower=-59.8          0.31% 3/651
0.0 	425.611 pA  	100.0             
0.1 	1.29596 pA  	100.0             

.    RFpower=-59.7          0.46% 4/651
0.0 	430.54 pA   	100.0             
0.1 	1.32628 pA  	100.0             

.    RFpower=-59.6          0.62% 5/651
0.0 	435.525 pA  	100.0             
0.1 	1.35739 pA  	100.0             

.    RFpower=-59.5          0.77% 6/651
0.0 	440.568 pA  	100.0             
0.1 	1.3891 pA   	100.0             

.    RFpower=-59.4          0.92% 7/651
0.0 	445.669 pA  	100.0             
0.1 	1.42162 pA  	100.0             

.    RFpower=-59.3          1.08% 8/651
0.0 	450.83 pA   	100.0             
0.1 	1.4549 pA   	100.0             

.    RFpower=-59.2          1.23% 9/651
0.0 	456.051 pA  	100.0             
0.1 	1.489 pA    	100.0             

.    RFpower=-59.1          1.38% 10/651
0.0 	461.331 pA  	100.0             
0.1 	1.52384 pA  	100.0             

.    RFpower=-59            1.54% 11/651
0.0 	466.673 pA  	100.0             
0.1 	1.55951 pA  	100.0             

.    RFpower=-58.9          1.69% 12/651
0.0 	472.077 pA  	100.0             
0.1 	1.59606 pA  	100.0             

.    RFpower=-58.8          1.85% 13/651
0.0 	477.544 pA  	100.0             
0.1 	1.63341 pA  	100.0             

.    RFpower=-58.7          2.00% 14/651
0.0 	483.074 pA  	100.0             
0.1 	1.67171 pA  	100.0             

.    RFpower=-58.6          2.15% 15/651
0.0 	488.667 pA  	100.0             
0.1 	1.71085 pA  	100.0             

.    RFpower=-58.5          2.31% 16/651
0.0 	494.326 pA  	100.0             
0.1 	1.75094 pA  	100.0             

.    RFpower=-58.4          2.46% 17/651
0.0 	500.05 pA   	100.0             
0.1 	1.79195 pA  	100.0             

.    RFpower=-58.3          2.62% 18/651
0.0 	505.84 pA   	100.0             
0.1 	1.83389 pA  	100.0             

.    RFpower=-58.2          2.77% 19/651
0.0 	511.697 pA  	100.0             
0.1 	1.87689 pA  	100.0             

.    RFpower=-58.1          2.92% 20/651
0.0 	517.623 pA  	100.0             
0.1 	1.92084 pA  	100.0             

.    RFpower=-58            3.08% 21/651
0.0 	523.616 pA  	100.0             
0.1 	1.96582 pA  	100.0             

.    RFpower=-57.9          3.23% 22/651
0.0 	529.68 pA   	100.0             
0.1 	2.01189 pA  	100.0             

.    RFpower=-57.8          3.38% 23/651
0.0 	535.813 pA  	100.0             
0.1 	2.05904 pA  	100.0             

.    RFpower=-57.7          3.54% 24/651
0.0 	542.017 pA  	100.0             
0.1 	2.10731 pA  	100.0             

.    RFpower=-57.6          3.69% 25/651
0.0 	548.294 pA  	100.0             
0.1 	2.15672 pA  	100.0             

.    RFpower=-57.5          3.85% 26/651
0.0 	554.643 pA  	100.0             
0.1 	2.2072 pA   	100.0             

.    RFpower=-57.4          4.00% 27/651
0.0 	561.065 pA  	100.0             
0.1 	2.25898 pA  	100.0             

.    RFpower=-57.3          4.15% 28/651
0.0 	567.562 pA  	100.0             
0.1 	2.31188 pA  	100.0             

.    RFpower=-57.2          4.31% 29/651
0.0 	574.134 pA  	100.0             
0.1 	2.36613 pA  	100.0             

.    RFpower=-57.1          4.46% 30/651
0.0 	580.782 pA  	100.0             
0.1 	2.4216 pA   	100.0             

.    RFpower=-57            4.62% 31/651
0.0 	587.507 pA  	100.0             
0.1 	2.47832 pA  	100.0             

.    RFpower=-56.9          4.77% 32/651
0.0 	594.31 pA   	100.0             
0.1 	2.53646 pA  	100.0             

.    RFpower=-56.8          4.92% 33/651
0.0 	601.192 pA  	100.0             
0.1 	2.5959 pA   	100.0             

.    RFpower=-56.7          5.08% 34/651
0.0 	608.154 pA  	100.0             
0.1 	2.65683 pA  	100.0             

.    RFpower=-56.6          5.23% 35/651
0.0 	615.195 pA  	100.0             
0.1 	2.71908 pA  	100.0             

.    RFpower=-56.5          5.38% 36/651
0.0 	622.319 pA  	100.0             
0.1 	2.78291 pA  	100.0             

.    RFpower=-56.4          5.54% 37/651
0.0 	629.526 pA  	100.0             
0.1 	2.84817 pA  	100.0             

.    RFpower=-56.3          5.69% 38/651
0.0 	636.815 pA  	100.0             
0.1 	2.91498 pA  	100.0             

.    RFpower=-56.2          5.85% 39/651
0.0 	644.189 pA  	100.0             
0.1 	2.98334 pA  	100.0             

.    RFpower=-56.1          6.00% 40/651
0.0 	651.648 pA  	100.0             
0.1 	3.05333 pA  	100.0             

.    RFpower=-56            6.15% 41/651
0.0 	659.194 pA  	100.0             
0.1 	3.12497 pA  	100.0             

.    RFpower=-55.9          6.31% 42/651
0.0 	666.827 pA  	100.0             
0.1 	3.19831 pA  	100.0             

.    RFpower=-55.8          6.46% 43/651
0.0 	674.548 pA  	100.0             
0.1 	3.27331 pA  	100.0             

.    RFpower=-55.7          6.62% 44/651
0.0 	682.359 pA  	100.0             
0.1 	3.35021 pA  	100.0             

.    RFpower=-55.6          6.77% 45/651
0.0 	690.261 pA  	100.0             
0.1 	3.42884 pA  	100.0             

.    RFpower=-55.5          6.92% 46/651
0.0 	698.254 pA  	100.0             
0.1 	3.50929 pA  	100.0             

.    RFpower=-55.4          7.08% 47/651
0.0 	706.338 pA  	100.0             
0.1 	3.59167 pA  	100.0             

.    RFpower=-55.3          7.23% 48/651
0.0 	714.518 pA  	100.0             
0.1 	3.67597 pA  	100.0             

.    RFpower=-55.2          7.38% 49/651
0.0 	722.792 pA  	100.0             
0.1 	3.76228 pA  	100.0             

.    RFpower=-55.1          7.54% 50/651
0.0 	731.161 pA  	100.0             
0.1 	3.8506 pA   	100.0             

.    RFpower=-55            7.69% 51/651
0.0 	739.628 pA  	100.0             
0.1 	3.94098 pA  	100.0             

.    RFpower=-54.9          7.85% 52/651
0.0 	748.192 pA  	100.0             
0.1 	4.03353 pA  	100.0             

.    RFpower=-54.8          8.00% 53/651
0.0 	756.856 pA  	100.0             
0.1 	4.12822 pA  	100.0             

.    RFpower=-54.7          8.15% 54/651
0.0 	765.62 pA   	100.0             
0.1 	4.22523 pA  	100.0             

.    RFpower=-54.6          8.31% 55/651
0.0 	774.485 pA  	100.0             
0.1 	4.32443 pA  	100.0             

.    RFpower=-54.5          8.46% 56/651
0.0 	783.454 pA  	100.0             
0.1 	4.42603 pA  	100.0             

.    RFpower=-54.4          8.62% 57/651
0.0 	792.525 pA  	100.0             
0.1 	4.52998 pA  	100.0             

.    RFpower=-54.3          8.77% 58/651
0.0 	801.703 pA  	100.0             
0.1 	4.63647 pA  	100.0             

.    RFpower=-54.2          8.92% 59/651
0.0 	810.986 pA  	100.0             
0.1 	4.74537 pA  	100.0             

.    RFpower=-54.1          9.08% 60/651
0.0 	820.377 pA  	100.0             
0.1 	4.85686 pA  	100.0             

.    RFpower=-54            9.23% 61/651
0.0 	829.876 pA  	100.0             
0.1 	4.97106 pA  	100.0             

.    RFpower=-53.9          9.38% 62/651
0.0 	839.486 pA  	100.0             
0.1 	5.08785 pA  	100.0             

.    RFpower=-53.8          9.54% 63/651
0.0 	849.206 pA  	100.0             
0.1 	5.20741 pA  	100.0             

.    RFpower=-53.7          9.69% 64/651
0.0 	859.039 pA  	100.0             
0.1 	5.32983 pA  	100.0             

.    RFpower=-53.6          9.85% 65/651
0.0 	868.987 pA  	100.0             
0.1 	5.45516 pA  	100.0             

.    RFpower=-53.5         10.00% 66/651
0.0 	879.049 pA  	100.0             
0.1 	5.5834 pA   	100.0             

.    RFpower=-53.4         10.15% 67/651
0.0 	889.228 pA  	100.0             
0.1 	5.71472 pA  	100.0             

.    RFpower=-53.3         10.31% 68/651
0.0 	899.525 pA  	100.0             
0.1 	5.84911 pA  	100.0             

.    RFpower=-53.2         10.46% 69/651
0.0 	909.941 pA  	100.0             
0.1 	5.98663 pA  	100.0             

.    RFpower=-53.1         10.62% 70/651
0.0 	920.477 pA  	100.0             
0.1 	6.12741 pA  	100.0             

.    RFpower=-53           10.77% 71/651
0.0 	931.136 pA  	100.0             
0.1 	6.27154 pA  	100.0             

.    RFpower=-52.9         10.92% 72/651
0.0 	941.918 pA  	100.0             
0.1 	6.4191 pA   	100.0             

.    RFpower=-52.8         11.08% 73/651
0.0 	952.826 pA  	100.0             
0.1 	6.57012 pA  	100.0             

.    RFpower=-52.7         11.23% 74/651
0.0 	963.858 pA  	100.0             
0.1 	6.72472 pA  	100.0             

.    RFpower=-52.6         11.38% 75/651
0.0 	975.019 pA  	100.0             
0.1 	6.88294 pA  	100.0             

.    RFpower=-52.5         11.54% 76/651
0.0 	986.31 pA   	100.0             
0.1 	7.04493 pA  	100.0             

.    RFpower=-52.4         11.69% 77/651
0.0 	997.731 pA  	100.0             
0.1 	7.21071 pA  	100.0             

.    RFpower=-52.3         11.85% 78/651
0.0 	1.00928 nA  	100.0             
0.1 	7.38049 pA  	100.0             

.    RFpower=-52.2         12.00% 79/651
0.0 	1.02097 nA  	100.0             
0.1 	7.55421 pA  	100.0             

.    RFpower=-52.1         12.15% 80/651
0.0 	1.03279 nA  	100.0             
0.1 	7.73205 pA  	100.0             

.    RFpower=-52           12.31% 81/651
0.0 	1.04475 nA  	100.0             
0.1 	7.91408 pA  	100.0             

.    RFpower=-51.9         12.46% 82/651
0.0 	1.05685 nA  	100.0             
0.1 	8.10045 pA  	100.0             

.    RFpower=-51.8         12.62% 83/651
0.0 	1.06909 nA  	100.0             
0.1 	8.29123 pA  	100.0             

.    RFpower=-51.7         12.77% 84/651
0.0 	1.08147 nA  	100.0             
0.1 	8.48651 pA  	100.0             

.    RFpower=-51.6         12.92% 85/651
0.0 	1.09399 nA  	100.0             
0.1 	8.68641 pA  	100.0             

.    RFpower=-51.5         13.08% 86/651
0.0 	1.10666 nA  	100.0             
0.1 	8.89098 pA  	100.0             

.    RFpower=-51.4         13.23% 87/651
0.0 	1.11947 nA  	100.0             
0.1 	9.1005 pA   	100.0             

.    RFpower=-51.3         13.38% 88/651
0.0 	1.13243 nA  	100.0             
0.1 	9.31497 pA  	100.0             

.    RFpower=-51.2         13.54% 89/651
0.0 	1.14555 nA  	100.0             
0.1 	9.53443 pA  	100.0             

.    RFpower=-51.1         13.69% 90/651
0.0 	1.15881 nA  	100.0             
0.1 	9.75915 pA  	100.0             

.    RFpower=-51           13.85% 91/651
0.0 	1.17223 nA  	100.0             
0.1 	9.9892 pA   	100.0             

.    RFpower=-50.9         14.00% 92/651
0.0 	1.1858 nA   	100.0             
0.1 	10.2247 pA  	100.0             

.    RFpower=-50.8         14.15% 93/651
0.0 	1.19954 nA  	100.0             
0.1 	10.4657 pA  	100.0             

.    RFpower=-50.7         14.31% 94/651
0.0 	1.21343 nA  	100.0             
0.1 	10.7125 pA  	100.0             

.    RFpower=-50.6         14.46% 95/651
0.0 	1.22748 nA  	100.0             
0.1 	10.9651 pA  	100.0             

.    RFpower=-50.5         14.62% 96/651
0.0 	1.24169 nA  	100.0             
0.1 	11.2237 pA  	100.0             

.    RFpower=-50.4         14.77% 97/651
0.0 	1.25607 nA  	100.0             
0.1 	11.4884 pA  	100.0             

.    RFpower=-50.3         14.92% 98/651
0.0 	1.27061 nA  	100.0             
0.1 	11.7594 pA  	100.0             

.    RFpower=-50.2         15.08% 99/651
0.0 	1.28533 nA  	100.0             
0.1 	12.0368 pA  	100.0             

.    RFpower=-50.1         15.23% 100/651
0.0 	1.30021 nA  	100.0             
0.1 	12.3209 pA  	100.0             

.    RFpower=-50           15.38% 101/651
0.0 	1.31526 nA  	100.0             
0.1 	12.6116 pA  	100.0             

.    RFpower=-49.9         15.54% 102/651
0.0 	1.3305 nA   	100.0             
0.1 	12.9092 pA  	100.0             

.    RFpower=-49.8         15.69% 103/651
0.0 	1.3459 nA   	100.0             
0.1 	13.214 pA   	100.0             

.    RFpower=-49.7         15.85% 104/651
0.0 	1.36149 nA  	100.0             
0.1 	13.5259 pA  	100.0             

.    RFpower=-49.6         16.00% 105/651
0.0 	1.37725 nA  	100.0             
0.1 	13.8452 pA  	100.0             

.    RFpower=-49.5         16.15% 106/651
0.0 	1.3932 nA   	100.0             
0.1 	14.1721 pA  	100.0             

.    RFpower=-49.4         16.31% 107/651
0.0 	1.40933 nA  	100.0             
0.1 	14.5068 pA  	100.0             

.    RFpower=-49.3         16.46% 108/651
0.0 	1.42565 nA  	100.0             
0.1 	14.8493 pA  	100.0             

.    RFpower=-49.2         16.62% 109/651
0.0 	1.44216 nA  	100.0             
0.1 	15.2001 pA  	100.0             

.    RFpower=-49.1         16.77% 110/651
0.0 	1.45886 nA  	100.0             
0.1 	15.5591 pA  	100.0             

.    RFpower=-49           16.92% 111/651
0.0 	1.47575 nA  	100.0             
0.1 	15.9267 pA  	100.0             

.    RFpower=-48.9         17.08% 112/651
0.0 	1.49284 nA  	100.0             
0.1 	16.303 pA   	100.0             

.    RFpower=-48.8         17.23% 113/651
0.0 	1.51013 nA  	100.0             
0.1 	16.6884 pA  	100.0             

.    RFpower=-48.7         17.38% 114/651
0.0 	1.52761 nA  	100.0             
0.1 	17.0828 pA  	100.0             

.    RFpower=-48.6         17.54% 115/651
0.0 	1.5453 nA   	100.0             
0.1 	17.4866 pA  	100.0             

.    RFpower=-48.5         17.69% 116/651
0.0 	1.5632 nA   	100.0             
0.1 	17.9 pA     	100.0             

.    RFpower=-48.4         17.85% 117/651
0.0 	1.59892 nA  	100.0             
0.1 	18.3232 pA  	100.0             

.    RFpower=-48.3         18.00% 118/651
0.0 	1.63698 nA  	100.0             
0.1 	18.7564 pA  	100.0             

.    RFpower=-48.2         18.15% 119/651
0.0 	1.67596 nA  	100.0             
0.1 	19.2001 pA  	100.0             

.    RFpower=-48.1         18.31% 120/651
0.0 	1.71587 nA  	100.0             
0.1 	19.6542 pA  	100.0             

.    RFpower=-48           18.46% 121/651
0.0 	1.75674 nA  	100.0             
0.1 	20.1191 pA  	100.0             

.    RFpower=-47.9         18.62% 122/651
0.0 	1.79859 nA  	100.0             
0.1 	20.5951 pA  	100.0             

.    RFpower=-47.8         18.77% 123/651
0.0 	1.84146 nA  	100.0             
0.1 	21.0824 pA  	100.0             

.    RFpower=-47.7         18.92% 124/651
0.0 	1.88535 nA  	100.0             
0.1 	21.5813 pA  	100.0             

.    RFpower=-47.6         19.08% 125/651
0.0 	1.9303 nA   	100.0             
0.1 	22.092 pA   	100.0             

.    RFpower=-47.5         19.23% 126/651
0.0 	1.97633 nA  	100.0             
0.1 	22.6149 pA  	100.0             

.    RFpower=-47.4         19.38% 127/651
0.0 	2.02347 nA  	100.0             
0.1 	23.1503 pA  	100.0             

.    RFpower=-47.3         19.54% 128/651
0.0 	2.07175 nA  	100.0             
0.1 	23.6984 pA  	100.0             

.    RFpower=-47.2         19.69% 129/651
0.0 	2.1212 nA   	100.0             
0.1 	24.2596 pA  	100.0             

.    RFpower=-47.1         19.85% 130/651
0.0 	2.17183 nA  	100.0             
0.1 	24.8341 pA  	100.0             

.    RFpower=-47           20.00% 131/651
0.0 	2.22369 nA  	100.0             
0.1 	25.4223 pA  	100.0             

.    RFpower=-46.9         20.15% 132/651
0.0 	2.27679 nA  	100.0             
0.1 	26.0245 pA  	100.0             

.    RFpower=-46.8         20.31% 133/651
0.0 	2.33118 nA  	100.0             
0.1 	26.6411 pA  	100.0             

.    RFpower=-46.7         20.46% 134/651
0.0 	2.38689 nA  	100.0             
0.1 	27.2724 pA  	100.0             

.    RFpower=-46.6         20.62% 135/651
0.0 	2.44394 nA  	100.0             
0.1 	27.9186 pA  	100.0             

.    RFpower=-46.5         20.77% 136/651
0.0 	2.50236 nA  	100.0             
0.1 	28.5803 pA  	100.0             

.    RFpower=-46.4         20.92% 137/651
0.0 	2.5622 nA   	100.0             
0.1 	29.2579 pA  	100.0             

.    RFpower=-46.3         21.08% 138/651
0.0 	2.62349 nA  	100.0             
0.1 	29.9513 pA  	100.0             

.    RFpower=-46.2         21.23% 139/651
0.0 	2.68626 nA  	100.0             
0.1 	30.6615 pA  	100.0             

.    RFpower=-46.1         21.38% 140/651
0.0 	2.75055 nA  	100.0             
0.1 	31.3886 pA  	100.0             

.    RFpower=-46           21.54% 141/651
0.0 	2.81639 nA  	100.0             
0.1 	32.133 pA   	100.0             

.    RFpower=-45.9         21.69% 142/651
0.0 	2.88383 nA  	100.0             
0.1 	32.8951 pA  	100.0             

.    RFpower=-45.8         21.85% 143/651
0.0 	2.95291 nA  	100.0             
0.1 	33.6754 pA  	100.0             

.    RFpower=-45.7         22.00% 144/651
0.0 	3.02365 nA  	100.0             
0.1 	34.4743 pA  	100.0             

.    RFpower=-45.6         22.15% 145/651
0.0 	3.09612 nA  	100.0             
0.1 	35.2923 pA  	100.0             

.    RFpower=-45.5         22.31% 146/651
0.0 	3.17034 nA  	100.0             
0.1 	36.1298 pA  	100.0             

.    RFpower=-45.4         22.46% 147/651
0.0 	3.24636 nA  	100.0             
0.1 	36.9873 pA  	100.0             

.    RFpower=-45.3         22.62% 148/651
0.0 	3.32422 nA  	100.0             
0.1 	37.8653 pA  	100.0             

.    RFpower=-45.2         22.77% 149/651
0.0 	3.40398 nA  	100.0             
0.1 	38.7642 pA  	100.0             

.    RFpower=-45.1         22.92% 150/651
0.0 	3.48567 nA  	100.0             
0.1 	39.6845 pA  	100.0             

.    RFpower=-45           23.08% 151/651
0.0 	3.56935 nA  	100.0             
0.1 	40.6268 pA  	100.0             

.    RFpower=-44.9         23.23% 152/651
0.0 	3.65506 nA  	100.0             
0.1 	41.5916 pA  	100.0             

.    RFpower=-44.8         23.38% 153/651
0.0 	3.74285 nA  	100.0             
0.1 	42.5795 pA  	100.0             

.    RFpower=-44.7         23.54% 154/651
0.0 	3.83278 nA  	100.0             
0.1 	43.5908 pA  	100.0             

.    RFpower=-44.6         23.69% 155/651
0.0 	3.9249 nA   	100.0             
0.1 	44.6264 pA  	100.0             

.    RFpower=-44.5         23.85% 156/651
0.0 	4.01927 nA  	100.0             
0.1 	45.6867 pA  	100.0             

.    RFpower=-44.4         24.00% 157/651
0.0 	4.11593 nA  	100.0             
0.1 	46.7722 pA  	100.0             

.    RFpower=-44.3         24.15% 158/651
0.0 	4.21494 nA  	100.0             
0.1 	47.8838 pA  	100.0             

.    RFpower=-44.2         24.31% 159/651
0.0 	4.31637 nA  	100.0             
0.1 	49.0218 pA  	100.0             

.    RFpower=-44.1         24.46% 160/651
0.0 	4.42027 nA  	100.0             
0.1 	50.1871 pA  	100.0             

.    RFpower=-44           24.62% 161/651
0.0 	4.5267 nA   	100.0             
0.1 	51.3801 pA  	100.0             

.    RFpower=-43.9         24.77% 162/651
0.0 	4.63574 nA  	100.0             
0.1 	52.6016 pA  	100.0             

.    RFpower=-43.8         24.92% 163/651
0.0 	4.74743 nA  	100.0             
0.1 	53.8523 pA  	100.0             

.    RFpower=-43.7         25.08% 164/651
0.0 	4.86185 nA  	100.0             
0.1 	55.1329 pA  	100.0             

.    RFpower=-43.6         25.23% 165/651
0.0 	4.97906 nA  	100.0             
0.1 	56.4441 pA  	100.0             

.    RFpower=-43.5         25.38% 166/651
0.0 	5.09915 nA  	100.0             
0.1 	57.7867 pA  	100.0             

.    RFpower=-43.4         25.54% 167/651
0.0 	5.22216 nA  	100.0             
0.1 	59.1611 pA  	100.0             

.    RFpower=-43.3         25.69% 168/651
0.0 	5.34819 nA  	100.0             
0.1 	60.5686 pA  	100.0             

.    RFpower=-43.2         25.85% 169/651
0.0 	5.47729 nA  	100.0             
0.1 	62.0097 pA  	100.0             

.    RFpower=-43.1         26.00% 170/651
0.0 	5.60956 nA  	100.0             
0.1 	63.485 pA   	100.0             

.    RFpower=-43           26.15% 171/651
0.0 	5.74507 nA  	100.0             
0.1 	64.9956 pA  	100.0             

.    RFpower=-42.9         26.31% 172/651
0.0 	5.8839 nA   	100.0             
0.1 	66.5424 pA  	100.0             

.    RFpower=-42.8         26.46% 173/651
0.0 	6.02613 nA  	100.0             
0.1 	68.1262 pA  	100.0             

.    RFpower=-42.7         26.62% 174/651
0.0 	6.17184 nA  	100.0             
0.1 	69.7477 pA  	100.0             

.    RFpower=-42.6         26.77% 175/651
0.0 	6.32114 nA  	100.0             
0.1 	71.4078 pA  	100.0             

.    RFpower=-42.5         26.92% 176/651
0.0 	6.47409 nA  	100.0             
0.1 	73.1077 pA  	100.0             

.    RFpower=-42.4         27.08% 177/651
0.0 	6.6308 nA   	100.0             
0.1 	74.8483 pA  	100.0             

.    RFpower=-42.3         27.23% 178/651
0.0 	6.79136 nA  	100.0             
0.1 	76.6303 pA  	100.0             

.    RFpower=-42.2         27.38% 179/651
0.0 	6.95586 nA  	100.0             
0.1 	78.4549 pA  	100.0             

.    RFpower=-42.1         27.54% 180/651
0.0 	7.1244 nA   	100.0             
0.1 	80.3231 pA  	100.0             

.    RFpower=-42           27.69% 181/651
0.0 	7.29709 nA  	100.0             
0.1 	82.2359 pA  	100.0             

.    RFpower=-41.9         27.85% 182/651
0.0 	7.47403 nA  	100.0             
0.1 	84.1942 pA  	100.0             

.    RFpower=-41.8         28.00% 183/651
0.0 	7.65532 nA  	100.0             
0.1 	86.1994 pA  	100.0             

.    RFpower=-41.7         28.15% 184/651
0.0 	7.84108 nA  	100.0             
0.1 	88.2524 pA  	100.0             

.    RFpower=-41.6         28.31% 185/651
0.0 	8.03141 nA  	100.0             
0.1 	90.3545 pA  	100.0             

.    RFpower=-41.5         28.46% 186/651
0.0 	8.22643 nA  	100.0             
0.1 	92.5066 pA  	100.0             

.    RFpower=-41.4         28.62% 187/651
0.0 	8.42625 nA  	100.0             
0.1 	94.7101 pA  	100.0             

.    RFpower=-41.3         28.77% 188/651
0.0 	8.63101 nA  	100.0             
0.1 	96.9662 pA  	100.0             

.    RFpower=-41.2         28.92% 189/651
0.0 	8.84081 nA  	100.0             
0.1 	99.2761 pA  	100.0             

.    RFpower=-41.1         29.08% 190/651
0.0 	9.0558 nA   	100.0             
0.1 	101.641 pA  	100.0             

.    RFpower=-41           29.23% 191/651
0.0 	9.27609 nA  	100.0             
0.1 	104.062 pA  	100.0             

.    RFpower=-40.9         29.38% 192/651
0.0 	9.50182 nA  	100.0             
0.1 	106.541 pA  	100.0             

.    RFpower=-40.8         29.54% 193/651
0.0 	9.73314 nA  	100.0             
0.1 	109.079 pA  	100.0             

.    RFpower=-40.7         29.69% 194/651
0.0 	9.97016 nA  	100.0             
0.1 	111.678 pA  	100.0             

.    RFpower=-40.6         29.85% 195/651
0.0 	10.2131 nA  	100.0             
0.1 	114.338 pA  	100.0             

.    RFpower=-40.5         30.00% 196/651
0.0 	10.462 nA   	100.0             
0.1 	117.062 pA  	100.0             

.    RFpower=-40.4         30.15% 197/651
0.0 	10.717 nA   	100.0             
0.1 	119.851 pA  	100.0             

.    RFpower=-40.3         30.31% 198/651
0.0 	10.9784 nA  	100.0             
0.1 	122.706 pA  	100.0             

.    RFpower=-40.2         30.46% 199/651
0.0 	11.2462 nA  	100.0             
0.1 	125.629 pA  	100.0             

.    RFpower=-40.1         30.62% 200/651
0.0 	11.5207 nA  	100.0             
0.1 	128.621 pA  	100.0             

.    RFpower=-40           30.77% 201/651
0.0 	11.802 nA   	100.0             
0.1 	131.685 pA  	100.0             

.    RFpower=-39.9         30.92% 202/651
0.0 	12.0903 nA  	100.0             
0.1 	134.821 pA  	100.0             

.    RFpower=-39.8         31.08% 203/651
0.0 	12.3857 nA  	100.0             
0.1 	138.032 pA  	100.0             

.    RFpower=-39.7         31.23% 204/651
0.0 	12.6885 nA  	100.0             
0.1 	141.319 pA  	100.0             

.    RFpower=-39.6         31.38% 205/651
0.0 	12.9988 nA  	100.0             
0.1 	144.685 pA  	100.0             

.    RFpower=-39.5         31.54% 206/651
0.0 	13.3167 nA  	100.0             
0.1 	148.13 pA   	100.0             

.    RFpower=-39.4         31.69% 207/651
0.0 	13.6426 nA  	100.0             
0.1 	151.656 pA  	100.0             

.    RFpower=-39.3         31.85% 208/651
0.0 	13.9766 nA  	100.0             
0.1 	155.267 pA  	100.0             

.    RFpower=-39.2         32.00% 209/651
0.0 	14.3189 nA  	100.0             
0.1 	158.963 pA  	100.0             

.    RFpower=-39.1         32.15% 210/651
0.0 	14.6697 nA  	100.0             
0.1 	162.746 pA  	100.0             

.    RFpower=-39           32.31% 211/651
0.0 	15.0293 nA  	100.0             
0.1 	166.619 pA  	100.0             

.    RFpower=-38.9         32.46% 212/651
0.0 	15.3977 nA  	100.0             
0.1 	170.584 pA  	100.0             

.    RFpower=-38.8         32.62% 213/651
0.0 	15.7754 nA  	100.0             
0.1 	174.643 pA  	100.0             

.    RFpower=-38.7         32.77% 214/651
0.0 	16.1625 nA  	100.0             
0.1 	178.797 pA  	100.0             

.    RFpower=-38.6         32.92% 215/651
0.0 	16.5592 nA  	100.0             
0.1 	183.049 pA  	100.0             

.    RFpower=-38.5         33.08% 216/651
0.0 	16.9658 nA  	100.0             
0.1 	187.402 pA  	100.0             

.    RFpower=-38.4         33.23% 217/651
0.0 	17.3826 nA  	100.0             
0.1 	191.858 pA  	100.0             

.    RFpower=-38.3         33.38% 218/651
0.0 	17.8098 nA  	100.0             
0.1 	196.419 pA  	100.0             

.    RFpower=-38.2         33.54% 219/651
0.0 	18.2476 nA  	100.0             
0.1 	201.087 pA  	100.0             

.    RFpower=-38.1         33.69% 220/651
0.0 	18.6963 nA  	100.0             
0.1 	205.865 pA  	100.0             

.    RFpower=-38           33.85% 221/651
0.0 	19.1563 nA  	100.0             
0.1 	210.755 pA  	100.0             

.    RFpower=-37.9         34.00% 222/651
0.0 	19.6277 nA  	100.0             
0.1 	215.761 pA  	100.0             

.    RFpower=-37.8         34.15% 223/651
0.0 	20.111 nA   	100.0             
0.1 	220.884 pA  	100.0             

.    RFpower=-37.7         34.31% 224/651
0.0 	20.6063 nA  	100.0             
0.1 	226.127 pA  	100.0             

.    RFpower=-37.6         34.46% 225/651
0.0 	21.114 nA   	100.0             
0.1 	231.493 pA  	100.0             

.    RFpower=-37.5         34.62% 226/651
0.0 	21.6344 nA  	100.0             
0.1 	236.985 pA  	100.0             

.    RFpower=-37.4         34.77% 227/651
0.0 	22.1679 nA  	100.0             
0.1 	242.605 pA  	100.0             

.    RFpower=-37.3         34.92% 228/651
0.0 	22.7146 nA  	100.0             
0.1 	248.357 pA  	100.0             

.    RFpower=-37.2         35.08% 229/651
0.0 	23.2751 nA  	100.0             
0.1 	254.244 pA  	100.0             

.    RFpower=-37.1         35.23% 230/651
0.0 	23.8496 nA  	100.0             
0.1 	260.267 pA  	100.0             

.    RFpower=-37           35.38% 231/651
0.0 	24.4385 nA  	100.0             
0.1 	266.431 pA  	100.0             

.    RFpower=-36.9         35.54% 232/651
0.0 	25.0422 nA  	100.0             
0.1 	272.739 pA  	100.0             

.    RFpower=-36.8         35.69% 233/651
0.0 	25.661 nA   	100.0             
0.1 	279.194 pA  	100.0             

.    RFpower=-36.7         35.85% 234/651
0.0 	26.2953 nA  	100.0             
0.1 	285.798 pA  	100.0             

.    RFpower=-36.6         36.00% 235/651
0.0 	26.9455 nA  	100.0             
0.1 	292.556 pA  	100.0             

.    RFpower=-36.5         36.15% 236/651
0.0 	27.6121 nA  	100.0             
0.1 	299.47 pA   	100.0             

.    RFpower=-36.4         36.31% 237/651
0.0 	28.2953 nA  	100.0             
0.1 	306.545 pA  	100.0             

.    RFpower=-36.3         36.46% 238/651
0.0 	28.9957 nA  	100.0             
0.1 	313.783 pA  	100.0             

.    RFpower=-36.2         36.62% 239/651
0.0 	29.7137 nA  	100.0             
0.1 	321.188 pA  	100.0             

.    RFpower=-36.1         36.77% 240/651
0.0 	30.4498 nA  	100.0             
0.1 	328.765 pA  	100.0             

.    RFpower=-36           36.92% 241/651
0.0 	31.2042 nA  	100.0             
0.1 	336.516 pA  	100.0             

.    RFpower=-35.9         37.08% 242/651
0.0 	31.9777 nA  	100.0             
0.1 	344.445 pA  	100.0             

.    RFpower=-35.8         37.23% 243/651
0.0 	32.7706 nA  	100.0             
0.1 	352.556 pA  	100.0             

.    RFpower=-35.7         37.38% 244/651
0.0 	33.5834 nA  	100.0             
0.1 	360.853 pA  	100.0             

.    RFpower=-35.6         37.54% 245/651
0.0 	34.4166 nA  	100.0             
0.1 	369.34 pA   	100.0             

.    RFpower=-35.5         37.69% 246/651
0.0 	35.2708 nA  	100.0             
0.1 	378.021 pA  	100.0             

.    RFpower=-35.4         37.85% 247/651
0.0 	36.1464 nA  	100.0             
0.1 	386.9 pA    	100.0             

.    RFpower=-35.3         38.00% 248/651
0.0 	37.044 nA   	100.0             
0.1 	395.982 pA  	100.0             

.    RFpower=-35.2         38.15% 249/651
0.0 	37.9664 nA  	100.0             
0.1 	405.271 pA  	100.0             

.    RFpower=-35.1         38.31% 250/651
0.0 	38.9127 nA  	100.0             
0.1 	414.77 pA   	100.0             

.    RFpower=-35           38.46% 251/651
0.0 	39.8829 nA  	100.0             
0.1 	424.484 pA  	100.0             

.    RFpower=-34.9         38.62% 252/651
0.0 	40.8775 nA  	100.0             
0.1 	434.418 pA  	100.0             

.    RFpower=-34.8         38.77% 253/651
0.0 	41.8972 nA  	100.0             
0.1 	444.577 pA  	100.0             

.    RFpower=-34.7         38.92% 254/651
0.0 	42.9426 nA  	100.0             
0.1 	454.965 pA  	100.0             

.    RFpower=-34.6         39.08% 255/651
0.0 	44.0144 nA  	100.0             
0.1 	465.585 pA  	100.0             

.    RFpower=-34.5         39.23% 256/651
0.0 	45.1132 nA  	100.0             
0.1 	476.445 pA  	100.0             

.    RFpower=-34.4         39.38% 257/651
0.0 	46.2397 nA  	100.0             
0.1 	487.548 pA  	100.0             

.    RFpower=-34.3         39.54% 258/651
0.0 	47.3946 nA  	100.0             
0.1 	498.899 pA  	100.0             

.    RFpower=-34.2         39.69% 259/651
0.0 	48.5786 nA  	100.0             
0.1 	510.503 pA  	100.0             

.    RFpower=-34.1         39.85% 260/651
0.0 	49.7925 nA  	100.0             
0.1 	522.366 pA  	100.0             

.    RFpower=-34           40.00% 261/651
0.0 	51.0369 nA  	100.0             
0.1 	534.491 pA  	100.0             

.    RFpower=-33.9         40.15% 262/651
0.0 	52.3127 nA  	100.0             
0.1 	546.885 pA  	100.0             

.    RFpower=-33.8         40.31% 263/651
0.0 	53.6207 nA  	100.0             
0.1 	559.554 pA  	100.0             

.    RFpower=-33.7         40.46% 264/651
0.0 	54.9616 nA  	100.0             
0.1 	572.501 pA  	100.0             

.    RFpower=-33.6         40.62% 265/651
0.0 	56.3362 nA  	100.0             
0.1 	585.732 pA  	100.0             

.    RFpower=-33.5         40.77% 266/651
0.0 	57.7455 nA  	100.0             
0.1 	599.255 pA  	100.0             

.    RFpower=-33.4         40.92% 267/651
0.0 	59.1902 nA  	100.0             
0.1 	613.072 pA  	100.0             

.    RFpower=-33.3         41.08% 268/651
0.0 	60.6714 nA  	100.0             
0.1 	627.191 pA  	100.0             

.    RFpower=-33.2         41.23% 269/651
0.0 	62.1897 nA  	100.0             
0.1 	641.617 pA  	100.0             

.    RFpower=-33.1         41.38% 270/651
0.0 	63.7463 nA  	100.0             
0.1 	656.356 pA  	100.0             

.    RFpower=-33           41.54% 271/651
0.0 	65.342 nA   	100.0             
0.1 	671.414 pA  	100.0             

.    RFpower=-32.9         41.69% 272/651
0.0 	66.9778 nA  	100.0             
0.1 	686.796 pA  	100.0             

.    RFpower=-32.8         41.85% 273/651
0.0 	68.6547 nA  	100.0             
0.1 	702.51 pA   	100.0             

.    RFpower=-32.7         42.00% 274/651
0.0 	70.3737 nA  	100.0             
0.1 	718.559 pA  	100.0             

.    RFpower=-32.6         42.15% 275/651
0.0 	72.1359 nA  	100.0             
0.1 	734.952 pA  	100.0             

.    RFpower=-32.5         42.31% 276/651
0.0 	73.9424 nA  	100.0             
0.1 	751.694 pA  	100.0             

.    RFpower=-32.4         42.46% 277/651
0.0 	75.7941 nA  	100.0             
0.1 	768.791 pA  	100.0             

.    RFpower=-32.3         42.62% 278/651
0.0 	77.6923 nA  	100.0             
0.1 	786.25 pA   	100.0             

.    RFpower=-32.2         42.77% 279/651
0.0 	79.638 nA   	100.0             
0.1 	804.078 pA  	100.0             

.    RFpower=-32.1         42.92% 280/651
0.0 	81.6325 nA  	100.0             
0.1 	822.281 pA  	100.0             

.    RFpower=-32           43.08% 281/651
0.0 	83.6769 nA  	100.0             
0.1 	840.864 pA  	100.0             

.    RFpower=-31.9         43.23% 282/651
0.0 	85.7725 nA  	100.0             
0.1 	859.836 pA  	100.0             

.    RFpower=-31.8         43.38% 283/651
0.0 	87.9205 nA  	100.0             
0.1 	879.202 pA  	100.0             

.    RFpower=-31.7         43.54% 284/651
0.0 	90.1222 nA  	100.0             
0.1 	898.969 pA  	100.0             

.    RFpower=-31.6         43.69% 285/651
0.0 	92.3789 nA  	100.0             
0.1 	919.145 pA  	100.0             

.    RFpower=-31.5         43.85% 286/651
0.0 	94.6919 nA  	100.0             
0.1 	939.736 pA  	100.0             

.    RFpower=-31.4         44.00% 287/651
0.0 	97.0626 nA  	100.0             
0.1 	960.749 pA  	100.0             

.    RFpower=-31.3         44.15% 288/651
0.0 	99.4924 nA  	100.0             
0.1 	982.191 pA  	100.0             

.    RFpower=-31.2         44.31% 289/651
0.0 	101.983 nA  	100.0             
0.1 	1.00407 nA  	100.0             

.    RFpower=-31.1         44.46% 290/651
0.0 	104.535 nA  	100.0             
0.1 	1.02639 nA  	100.0             

.    RFpower=-31           44.62% 291/651
0.0 	107.151 nA  	100.0             
0.1 	1.04916 nA  	100.0             

.    RFpower=-30.9         44.77% 292/651
0.0 	109.832 nA  	100.0             
0.1 	1.07239 nA  	100.0             

.    RFpower=-30.8         44.92% 293/651
0.0 	112.579 nA  	100.0             
0.1 	1.09609 nA  	100.0             

.    RFpower=-30.7         45.08% 294/651
0.0 	115.395 nA  	100.0             
0.1 	1.12025 nA  	100.0             

.    RFpower=-30.6         45.23% 295/651
0.0 	118.28 nA   	100.0             
0.1 	1.1449 nA   	100.0             

.    RFpower=-30.5         45.38% 296/651
0.0 	121.237 nA  	100.0             
0.1 	1.17004 nA  	100.0             

.    RFpower=-30.4         45.54% 297/651
0.0 	124.268 nA  	100.0             
0.1 	1.19567 nA  	100.0             

.    RFpower=-30.3         45.69% 298/651
0.0 	127.373 nA  	100.0             
0.1 	1.2218 nA   	100.0             

.    RFpower=-30.2         45.85% 299/651
0.0 	130.554 nA  	100.0             
0.1 	1.24844 nA  	100.0             

.    RFpower=-30.1         46.00% 300/651
0.0 	133.815 nA  	100.0             
0.1 	1.2756 nA   	100.0             

.    RFpower=-30           46.15% 301/651
0.0 	137.156 nA  	100.0             
0.1 	1.30329 nA  	100.0             

.    RFpower=-29.9         46.31% 302/651
0.0 	140.579 nA  	100.0             
0.1 	1.33151 nA  	100.0             

.    RFpower=-29.8         46.46% 303/651
0.0 	144.086 nA  	100.0             
0.1 	1.36028 nA  	100.0             

.    RFpower=-29.7         46.62% 304/651
0.0 	147.68 nA   	100.0             
0.1 	1.38959 nA  	100.0             

.    RFpower=-29.6         46.77% 305/651
0.0 	151.362 nA  	100.0             
0.1 	1.41946 nA  	100.0             

.    RFpower=-29.5         46.92% 306/651
0.0 	155.134 nA  	100.0             
0.1 	1.4499 nA   	100.0             

.    RFpower=-29.4         47.08% 307/651
0.0 	158.999 nA  	100.0             
0.1 	1.48092 nA  	100.0             

.    RFpower=-29.3         47.23% 308/651
0.0 	162.959 nA  	100.0             
0.1 	1.51251 nA  	100.0             

.    RFpower=-29.2         47.38% 309/651
0.0 	167.015 nA  	100.0             
0.1 	1.5447 nA   	100.0             

.    RFpower=-29.1         47.54% 310/651
0.0 	171.171 nA  	100.0             
0.1 	1.57749 nA  	100.0             

.    RFpower=-29           47.69% 311/651
0.0 	175.428 nA  	100.0             
0.1 	1.61089 nA  	100.0             

.    RFpower=-28.9         47.85% 312/651
0.0 	179.789 nA  	100.0             
0.1 	1.64491 nA  	100.0             

.    RFpower=-28.8         48.00% 313/651
0.0 	184.256 nA  	100.0             
0.1 	1.67956 nA  	100.0             

.    RFpower=-28.7         48.15% 314/651
0.0 	188.832 nA  	100.0             
0.1 	1.71484 nA  	100.0             

.    RFpower=-28.6         48.31% 315/651
0.0 	193.519 nA  	100.0             
0.1 	1.75076 nA  	100.0             

.    RFpower=-28.5         48.46% 316/651
0.0 	198.32 nA   	100.0             
0.1 	1.78734 nA  	100.0             

.    RFpower=-28.4         48.62% 317/651
0.0 	203.237 nA  	100.0             
0.1 	1.82459 nA  	100.0             

.    RFpower=-28.3         48.77% 318/651
0.0 	208.274 nA  	100.0             
0.1 	1.86251 nA  	100.0             

.    RFpower=-28.2         48.92% 319/651
0.0 	213.432 nA  	100.0             
0.1 	1.90111 nA  	100.0             

.    RFpower=-28.1         49.08% 320/651
0.0 	218.715 nA  	100.0             
0.1 	1.94041 nA  	100.0             

.    RFpower=-28           49.23% 321/651
0.0 	224.126 nA  	100.0             
0.1 	1.98041 nA  	100.0             

.    RFpower=-27.9         49.38% 322/651
0.0 	229.668 nA  	100.0             
0.1 	2.02113 nA  	100.0             

.    RFpower=-27.8         49.54% 323/651
0.0 	235.342 nA  	100.0             
0.1 	2.06257 nA  	100.0             

.    RFpower=-27.7         49.69% 324/651
0.0 	241.154 nA  	100.0             
0.1 	2.10474 nA  	100.0             

.    RFpower=-27.6         49.85% 325/651
0.0 	247.105 nA  	100.0             
0.1 	2.14766 nA  	100.0             

.    RFpower=-27.5         50.00% 326/651
0.0 	253.2 nA    	100.0             
0.1 	2.19134 nA  	100.0             

.    RFpower=-27.4         50.15% 327/651
0.0 	259.44 nA   	100.0             
0.1 	2.23579 nA  	100.0             

.    RFpower=-27.3         50.31% 328/651
0.0 	265.831 nA  	100.0             
0.1 	2.28101 nA  	100.0             

.    RFpower=-27.2         50.46% 329/651
0.0 	272.374 nA  	100.0             
0.1 	2.32703 nA  	100.0             

.    RFpower=-27.1         50.62% 330/651
0.0 	279.074 nA  	100.0             
0.1 	2.37385 nA  	100.0             

.    RFpower=-27           50.77% 331/651
0.0 	285.934 nA  	100.0             
0.1 	2.42149 nA  	100.0             

.    RFpower=-26.9         50.92% 332/651
0.0 	292.958 nA  	100.0             
0.1 	2.46995 nA  	100.0             

.    RFpower=-26.8         51.08% 333/651
0.0 	300.149 nA  	100.0             
0.1 	2.51925 nA  	100.0             

.    RFpower=-26.7         51.23% 334/651
0.0 	307.513 nA  	100.0             
0.1 	2.56941 nA  	100.0             

.    RFpower=-26.6         51.38% 335/651
0.0 	315.051 nA  	100.0             
0.1 	2.62042 nA  	100.0             

.    RFpower=-26.5         51.54% 336/651
0.0 	322.769 nA  	100.0             
0.1 	2.67232 nA  	100.0             

.    RFpower=-26.4         51.69% 337/651
0.0 	330.671 nA  	100.0             
0.1 	2.72511 nA  	100.0             

.    RFpower=-26.3         51.85% 338/651
0.0 	338.76 nA   	100.0             
0.1 	2.77879 nA  	100.0             

.    RFpower=-26.2         52.00% 339/651
0.0 	347.041 nA  	100.0             
0.1 	2.8334 nA   	100.0             

.    RFpower=-26.1         52.15% 340/651
0.0 	355.519 nA  	100.0             
0.1 	2.88893 nA  	100.0             

.    RFpower=-26           52.31% 341/651
0.0 	364.199 nA  	100.0             
0.1 	2.94541 nA  	100.0             

.    RFpower=-25.9         52.46% 342/651
0.0 	373.083 nA  	100.0             
0.1 	3.00284 nA  	100.0             

.    RFpower=-25.8         52.62% 343/651
0.0 	382.179 nA  	100.0             
0.1 	3.06124 nA  	100.0             

.    RFpower=-25.7         52.77% 344/651
0.0 	391.489 nA  	100.0             
0.1 	3.12062 nA  	100.0             

.    RFpower=-25.6         52.92% 345/651
0.0 	401.072 nA  	100.0             
0.1 	3.18099 nA  	100.0             

.    RFpower=-25.5         53.08% 346/651
0.0 	410.892 nA  	100.0             
0.1 	3.24237 nA  	100.0             

.    RFpower=-25.4         53.23% 347/651
0.0 	420.946 nA  	100.0             
0.1 	3.30476 nA  	100.0             

.    RFpower=-25.3         53.38% 348/651
0.0 	431.24 nA   	100.0             
0.1 	3.36818 nA  	100.0             

.    RFpower=-25.2         53.54% 349/651
0.0 	441.779 nA  	100.0             
0.1 	3.43264 nA  	100.0             

.    RFpower=-25.1         53.69% 350/651
0.0 	452.57 nA   	100.0             
0.1 	3.49814 nA  	100.0             

.    RFpower=-25           53.85% 351/651
0.0 	463.617 nA  	100.0             
0.1 	3.56469 nA  	100.0             

.    RFpower=-24.9         54.00% 352/651
0.0 	474.926 nA  	100.0             
0.1 	3.63231 nA  	100.0             

.    RFpower=-24.8         54.15% 353/651
0.0 	486.505 nA  	100.0             
0.1 	3.70099 nA  	100.0             

.    RFpower=-24.7         54.31% 354/651
0.0 	498.357 nA  	100.0             
0.1 	3.77074 nA  	100.0             

.    RFpower=-24.6         54.46% 355/651
0.0 	510.49 nA   	100.0             
0.1 	3.84157 nA  	100.0             

.    RFpower=-24.5         54.62% 356/651
0.0 	522.911 nA  	100.0             
0.1 	3.91346 nA  	100.0             

.    RFpower=-24.4         54.77% 357/651
0.0 	535.624 nA  	100.0             
0.1 	3.98643 nA  	100.0             

.    RFpower=-24.3         54.92% 358/651
0.0 	548.637 nA  	100.0             
0.1 	4.06047 nA  	100.0             

.    RFpower=-24.2         55.08% 359/651
0.0 	561.956 nA  	100.0             
0.1 	4.13557 nA  	100.0             

.    RFpower=-24.1         55.23% 360/651
0.0 	575.587 nA  	100.0             
0.1 	4.21172 nA  	100.0             

.    RFpower=-24           55.38% 361/651
0.0 	589.539 nA  	100.0             
0.1 	4.28891 nA  	100.0             

.    RFpower=-23.9         55.54% 362/651
0.0 	603.816 nA  	100.0             
0.1 	4.36712 nA  	100.0             

.    RFpower=-23.8         55.69% 363/651
0.0 	618.426 nA  	100.0             
0.1 	4.44632 nA  	100.0             

.    RFpower=-23.7         55.85% 364/651
0.0 	633.376 nA  	100.0             
0.1 	4.52651 nA  	100.0             

.    RFpower=-23.6         56.00% 365/651
0.0 	648.673 nA  	100.0             
0.1 	4.60764 nA  	100.0             

.    RFpower=-23.5         56.15% 366/651
0.0 	664.324 nA  	100.0             
0.1 	4.68969 nA  	100.0             

.    RFpower=-23.4         56.31% 367/651
0.0 	680.335 nA  	100.0             
0.1 	4.77261 nA  	100.0             

.    RFpower=-23.3         56.46% 368/651
0.0 	696.714 nA  	100.0             
0.1 	4.85636 nA  	100.0             

.    RFpower=-23.2         56.62% 369/651
0.0 	713.468 nA  	100.0             
0.1 	4.94088 nA  	100.0             

.    RFpower=-23.1         56.77% 370/651
0.0 	730.604 nA  	100.0             
0.1 	5.02613 nA  	100.0             

.    RFpower=-23           56.92% 371/651
0.0 	748.129 nA  	100.0             
0.1 	5.11204 nA  	100.0             

.    RFpower=-22.9         57.08% 372/651
0.0 	766.049 nA  	100.0             
0.1 	5.19853 nA  	100.0             

.    RFpower=-22.8         57.23% 373/651
0.0 	784.372 nA  	100.0             
0.1 	5.28553 nA  	100.0             

.    RFpower=-22.7         57.38% 374/651
0.0 	803.104 nA  	100.0             
0.1 	5.37296 nA  	100.0             

.    RFpower=-22.6         57.54% 375/651
0.0 	822.253 nA  	100.0             
0.1 	5.46072 nA  	100.0             

.    RFpower=-22.5         57.69% 376/651
0.0 	841.825 nA  	100.0             
0.1 	5.54871 nA  	100.0             

.    RFpower=-22.4         57.85% 377/651
0.0 	861.826 nA  	100.0             
0.1 	5.63682 nA  	100.0             

.    RFpower=-22.3         58.00% 378/651
0.0 	882.262 nA  	100.0             
0.1 	5.72493 nA  	100.0             

.    RFpower=-22.2         58.15% 379/651
0.0 	903.141 nA  	100.0             
0.1 	5.8129 nA   	100.0             

.    RFpower=-22.1         58.31% 380/651
0.0 	924.467 nA  	100.0             
0.1 	5.90062 nA  	100.0             

.    RFpower=-22           58.46% 381/651
0.0 	946.246 nA  	100.0             
0.1 	5.98792 nA  	100.0             

.    RFpower=-21.9         58.62% 382/651
0.0 	968.484 nA  	100.0             
0.1 	6.07466 nA  	100.0             

.    RFpower=-21.8         58.77% 383/651
0.0 	991.187 nA  	100.0             
0.1 	6.16065 nA  	100.0             

.    RFpower=-21.7         58.92% 384/651
0.0 	1.01436 uA  	100.0             
0.1 	6.24573 nA  	100.0             

.    RFpower=-21.6         59.08% 385/651
0.0 	1.038 uA    	100.0             
0.1 	6.32971 nA  	100.0             

.    RFpower=-21.5         59.23% 386/651
0.0 	1.06212 uA  	100.0             
0.1 	6.41238 nA  	100.0             

.    RFpower=-21.4         59.38% 387/651
0.0 	1.08673 uA  	100.0             
0.1 	6.49353 nA  	100.0             

.    RFpower=-21.3         59.54% 388/651
0.0 	1.11181 uA  	100.0             
0.1 	6.57295 nA  	100.0             

.    RFpower=-21.2         59.69% 389/651
0.0 	1.13738 uA  	100.0             
0.1 	6.65038 nA  	100.0             

.    RFpower=-21.1         59.85% 390/651
0.0 	1.16344 uA  	100.0             
0.1 	6.72558 nA  	100.0             

.    RFpower=-21           60.00% 391/651
0.0 	1.19 uA     	100.0             
0.1 	6.79829 nA  	100.0             

.    RFpower=-20.9         60.15% 392/651
0.0 	1.21704 uA  	100.0             
0.1 	6.86823 nA  	100.0             

.    RFpower=-20.8         60.31% 393/651
0.0 	1.24457 uA  	100.0             
0.1 	6.9351 nA   	100.0             

.    RFpower=-20.7         60.46% 394/651
0.0 	1.27259 uA  	100.0             
0.1 	6.99859 nA  	100.0             

.    RFpower=-20.6         60.62% 395/651
0.0 	1.30122 uA  	100.0             
0.1 	7.05837 nA  	100.0             

.    RFpower=-20.5         60.77% 396/651
0.0 	1.33081 uA  	100.0             
0.1 	7.11408 nA  	100.0             

.    RFpower=-20.4         60.92% 397/651
0.0 	1.36096 uA  	100.0             
0.1 	7.16536 nA  	100.0             

.    RFpower=-20.3         61.08% 398/651
0.0 	1.39166 uA  	100.0             
0.1 	7.21183 nA  	100.0             

.    RFpower=-20.2         61.23% 399/651
0.0 	1.4229 uA   	100.0             
0.1 	7.25304 nA  	100.0             

.    RFpower=-20.1         61.38% 400/651
0.0 	1.4547 uA   	100.0             
0.1 	7.28857 nA  	100.0             

.    RFpower=-20           61.54% 401/651
0.0 	1.48703 uA  	100.0             
0.1 	7.31794 nA  	100.0             

.    RFpower=-19.9         61.69% 402/651
0.0 	1.51991 uA  	100.0             
0.1 	7.34064 nA  	100.0             

.    RFpower=-19.8         61.85% 403/651
0.0 	1.55333 uA  	100.0             
0.1 	7.35614 nA  	100.0             

.    RFpower=-19.7         62.00% 404/651
0.0 	1.58727 uA  	100.0             
0.1 	7.36385 nA  	100.0             

.    RFpower=-19.6         62.15% 405/651
0.0 	1.62174 uA  	100.0             
0.1 	7.36317 nA  	100.0             

.    RFpower=-19.5         62.31% 406/651
0.0 	1.65672 uA  	100.0             
0.1 	7.35342 nA  	100.0             

.    RFpower=-19.4         62.46% 407/651
0.0 	1.69221 uA  	100.0             
0.1 	7.33391 nA  	100.0             

.    RFpower=-19.3         62.62% 408/651
0.0 	1.72818 uA  	100.0             
0.1 	7.30387 nA  	100.0             

.    RFpower=-19.2         62.77% 409/651
0.0 	1.76464 uA  	100.0             
0.1 	7.26248 nA  	100.0             

.    RFpower=-19.1         62.92% 410/651
0.0 	1.80156 uA  	100.0             
0.1 	7.20886 nA  	100.0             

.    RFpower=-19           63.08% 411/651
0.0 	1.83892 uA  	100.0             
0.1 	7.14207 nA  	100.0             

.    RFpower=-18.9         63.23% 412/651
0.0 	1.87671 uA  	100.0             
0.1 	7.0611 nA   	100.0             

.    RFpower=-18.8         63.38% 413/651
0.0 	1.9149 uA   	100.0             
0.1 	6.96485 nA  	100.0             

.    RFpower=-18.7         63.54% 414/651
0.0 	1.95347 uA  	100.0             
0.1 	6.85216 nA  	100.0             

.    RFpower=-18.6         63.69% 415/651
0.0 	1.99238 uA  	100.0             
0.1 	6.72177 nA  	100.0             

.    RFpower=-18.5         63.85% 416/651
0.0 	2.03162 uA  	100.0             
0.1 	6.57231 nA  	100.0             

.    RFpower=-18.4         64.00% 417/651
0.0 	2.07114 uA  	100.0             
0.1 	6.40235 nA  	100.0             

.    RFpower=-18.3         64.15% 418/651
0.0 	2.11091 uA  	100.0             
0.1 	6.21032 nA  	100.0             

.    RFpower=-18.2         64.31% 419/651
0.0 	2.15088 uA  	100.0             
0.1 	5.99455 nA  	100.0             

.    RFpower=-18.1         64.46% 420/651
0.0 	2.19101 uA  	100.0             
0.1 	5.75324 nA  	100.0             

.    RFpower=-18           64.62% 421/651
0.0 	2.23125 uA  	100.0             
0.1 	5.48448 nA  	100.0             

.    RFpower=-17.9         64.77% 422/651
0.0 	2.27155 uA  	100.0             
0.1 	5.1862 nA   	100.0             

.    RFpower=-17.8         64.92% 423/651
0.0 	2.31184 uA  	100.0             
0.1 	4.85617 nA  	100.0             

.    RFpower=-17.7         65.08% 424/651
0.0 	2.35206 uA  	100.0             
0.1 	4.49205 nA  	100.0             

.    RFpower=-17.6         65.23% 425/651
0.0 	2.39214 uA  	100.0             
0.1 	4.09126 nA  	100.0             

.    RFpower=-17.5         65.38% 426/651
0.0 	2.43199 uA  	100.0             
0.1 	4.15153 nA  	100.0             

.    RFpower=-17.4         65.54% 427/651
0.0 	2.47155 uA  	100.0             
0.1 	4.24166 nA  	100.0             

.    RFpower=-17.3         65.69% 428/651
0.0 	2.5107 uA   	100.0             
0.1 	4.33383 nA  	100.0             

.    RFpower=-17.2         65.85% 429/651
0.0 	2.54936 uA  	100.0             
0.1 	4.4281 nA   	100.0             

.    RFpower=-17.1         66.00% 430/651
0.0 	2.58741 uA  	100.0             
0.1 	4.52453 nA  	100.0             

.    RFpower=-17           66.15% 431/651
0.0 	2.62474 uA  	100.0             
0.1 	4.62321 nA  	100.0             

.    RFpower=-16.9         66.31% 432/651
0.0 	2.66122 uA  	100.0             
0.1 	4.72421 nA  	100.0             

.    RFpower=-16.8         66.46% 433/651
0.0 	2.69671 uA  	100.0             
0.1 	4.82763 nA  	100.0             

.    RFpower=-16.7         66.62% 434/651
0.0 	2.73106 uA  	100.0             
0.1 	4.93358 nA  	100.0             

.    RFpower=-16.6         66.77% 435/651
0.0 	2.7641 uA   	100.0             
0.1 	5.04217 nA  	100.0             

.    RFpower=-16.5         66.92% 436/651
0.0 	2.79563 uA  	100.0             
0.1 	5.15352 nA  	100.0             

.    RFpower=-16.4         67.08% 437/651
0.0 	2.82545 uA  	100.0             
0.1 	5.5472 nA   	100.0             

.    RFpower=-16.3         67.23% 438/651
0.0 	2.8533 uA   	100.0             
0.1 	6.94453 nA  	100.0             

.    RFpower=-16.2         67.38% 439/651
0.0 	2.87892 uA  	100.0             
0.1 	8.45692 nA  	100.0             

.    RFpower=-16.1         67.54% 440/651
0.0 	2.90203 uA  	100.0             
0.1 	10.076 nA   	100.0             

.    RFpower=-16           67.69% 441/651
0.0 	2.92239 uA  	100.0             
0.1 	11.7912 nA  	100.0             

.    RFpower=-15.9         67.85% 442/651
0.0 	2.93977 uA  	100.0             
0.1 	13.5948 nA  	100.0             

.    RFpower=-15.8         68.00% 443/651
0.0 	2.954 uA    	100.0             
0.1 	15.5732 nA  	100.0             

.    RFpower=-15.7         68.15% 444/651
0.0 	2.96493 uA  	100.0             
0.1 	17.6954 nA  	100.0             

.    RFpower=-15.6         68.31% 445/651
0.0 	2.97619 uA  	100.0             
0.1 	19.958 nA   	100.0             

.    RFpower=-15.5         68.46% 446/651
0.0 	3.00659 uA  	100.0             
0.1 	22.374 nA   	100.0             

.    RFpower=-15.4         68.62% 447/651
0.0 	3.0359 uA   	100.0             
0.1 	24.9553 nA  	100.0             

.    RFpower=-15.3         68.77% 448/651
0.0 	3.06411 uA  	100.0             
0.1 	27.7117 nA  	100.0             

.    RFpower=-15.2         68.92% 449/651
0.0 	3.09117 uA  	100.0             
0.1 	30.6498 nA  	100.0             
0.2 	826.436 pA  	100.0             

.    RFpower=-15.1         69.08% 450/651
0.0 	3.1162 uA   	100.0             
0.1 	33.7508 nA  	100.0             
0.2 	931.105 pA  	100.0             

.    RFpower=-15           69.23% 451/651
0.0 	3.14073 uA  	100.0             
0.1 	37.0523 nA  	100.0             
0.2 	1.04858 nA  	100.0             

.    RFpower=-14.9         69.38% 452/651
0.0 	3.16395 uA  	100.0             
0.1 	40.5283 nA  	100.0             
0.2 	1.17924 nA  	100.0             

.    RFpower=-14.8         69.54% 453/651
0.0 	3.18579 uA  	100.0             
0.1 	44.1651 nA  	100.0             
0.2 	1.32368 nA  	100.0             

.    RFpower=-14.7         69.69% 454/651
0.0 	3.20615 uA  	100.0             
0.1 	47.942 nA   	100.0             
0.2 	1.48216 nA  	100.0             

.    RFpower=-14.6         69.85% 455/651
0.0 	3.22494 uA  	100.0             
0.1 	51.8311 nA  	100.0             
0.2 	1.65447 nA  	100.0             

.    RFpower=-14.5         70.00% 456/651
0.0 	3.24204 uA  	100.0             
0.1 	55.797 nA   	100.0             
0.2 	1.83988 nA  	100.0             

.    RFpower=-14.4         70.15% 457/651
0.0 	3.25734 uA  	100.0             
0.1 	59.7973 nA  	100.0             
0.2 	2.03696 nA  	100.0             

.    RFpower=-14.3         70.31% 458/651
0.0 	3.2707 uA   	100.0             
0.1 	63.7835 nA  	100.0             
0.2 	2.24362 nA  	100.0             

.    RFpower=-14.2         70.46% 459/651
0.0 	3.28203 uA  	100.0             
0.1 	67.7023 nA  	100.0             
0.2 	2.45706 nA  	100.0             

.    RFpower=-14.1         70.62% 460/651
0.0 	3.29121 uA  	100.0             
0.1 	71.4977 nA  	100.0             
0.2 	2.67385 nA  	100.0             

.    RFpower=-14           70.77% 461/651
0.0 	3.29818 uA  	100.0             
0.1 	75.1132 nA  	100.0             
0.2 	2.89003 nA  	100.0             

.    RFpower=-13.9         70.92% 462/651
0.0 	3.30289 uA  	100.0             
0.1 	78.4948 nA  	100.0             
0.2 	3.10138 nA  	100.0             

.    RFpower=-13.8         71.08% 463/651
0.0 	3.30535 uA  	100.0             
0.1 	81.5936 nA  	100.0             
0.2 	3.30358 nA  	100.0             

.    RFpower=-13.7         71.23% 464/651
0.0 	3.3056 uA   	100.0             
0.1 	84.369 nA   	100.0             
0.2 	3.49254 nA  	100.0             

.    RFpower=-13.6         71.38% 465/651
0.0 	3.30372 uA  	100.0             
0.1 	86.7904 nA  	100.0             
0.2 	3.66467 nA  	100.0             

.    RFpower=-13.5         71.54% 466/651
0.0 	3.29986 uA  	100.0             
0.1 	88.8377 nA  	100.0             
0.2 	3.817 nA    	100.0             

.    RFpower=-13.4         71.69% 467/651
0.0 	3.29417 uA  	100.0             
0.1 	90.5021 nA  	100.0             
0.2 	3.94736 nA  	100.0             

.    RFpower=-13.3         71.85% 468/651
0.0 	3.28684 uA  	100.0             
0.1 	91.7842 nA  	100.0             
0.2 	4.05439 nA  	100.0             

.    RFpower=-13.2         72.00% 469/651
0.0 	3.27807 uA  	100.0             
0.1 	92.6934 nA  	100.0             
0.2 	4.13756 nA  	100.0             

.    RFpower=-13.1         72.15% 470/651
0.0 	3.2681 uA   	100.0             
0.1 	93.2458 nA  	100.0             
0.2 	4.19702 nA  	100.0             

.    RFpower=-13           72.31% 471/651
0.0 	3.25713 uA  	100.0             
0.1 	93.4628 nA  	100.0             
0.2 	4.23357 nA  	100.0             

.    RFpower=-12.9         72.46% 472/651
0.0 	3.2454 uA   	100.0             
0.1 	93.3695 nA  	100.0             
0.2 	4.24852 nA  	100.0             

.    RFpower=-12.8         72.62% 473/651
0.0 	3.23311 uA  	100.0             
0.1 	92.9928 nA  	100.0             
0.2 	4.24354 nA  	100.0             

.    RFpower=-12.7         72.77% 474/651
0.0 	3.22048 uA  	100.0             
0.1 	92.3608 nA  	100.0             
0.2 	4.22055 nA  	100.0             

.    RFpower=-12.6         72.92% 475/651
0.0 	3.20769 uA  	100.0             
0.1 	91.5012 nA  	100.0             
0.2 	4.18162 nA  	100.0             

.    RFpower=-12.5         73.08% 476/651
0.0 	3.19495 uA  	100.0             
0.1 	90.4404 nA  	100.0             
0.2 	4.12884 nA  	100.0             

.    RFpower=-12.4         73.23% 477/651
0.0 	3.18241 uA  	100.0             
0.1 	89.2032 nA  	100.0             
0.2 	4.06429 nA  	100.0             

.    RFpower=-12.3         73.38% 478/651
0.0 	3.17025 uA  	100.0             
0.1 	87.8123 nA  	100.0             
0.2 	3.98994 nA  	100.0             

.    RFpower=-12.2         73.54% 479/651
0.0 	3.15861 uA  	100.0             
0.1 	86.2875 nA  	100.0             
0.2 	3.90762 nA  	100.0             

.    RFpower=-12.1         73.69% 480/651
0.0 	3.14765 uA  	100.0             
0.1 	85.4099 nA  	100.0             
0.2 	3.81898 nA  	100.0             

.    RFpower=-12           73.85% 481/651
0.0 	3.1375 uA   	100.0             
0.1 	85.4642 nA  	100.0             
0.2 	3.7255 nA   	100.0             

.    RFpower=-11.9         74.00% 482/651
0.0 	3.12832 uA  	100.0             
0.1 	85.3646 nA  	100.0             
0.2 	3.6675 nA   	100.0             

.    RFpower=-11.8         74.15% 483/651
0.0 	3.12024 uA  	100.0             
0.1 	85.1285 nA  	100.0             
0.2 	3.61839 nA  	100.0             

.    RFpower=-11.7         74.31% 484/651
0.0 	3.11341 uA  	100.0             
0.1 	84.892 nA   	100.0             
0.2 	3.56322 nA  	100.0             

.    RFpower=-11.6         74.46% 485/651
0.0 	3.10799 uA  	100.0             
0.1 	84.6569 nA  	100.0             
0.2 	3.50315 nA  	100.0             

.    RFpower=-11.5         74.62% 486/651
0.0 	3.10415 uA  	100.0             
0.1 	84.3546 nA  	100.0             
0.2 	3.43921 nA  	100.0             

.    RFpower=-11.4         74.77% 487/651
0.0 	3.10206 uA  	100.0             
0.1 	83.9987 nA  	100.0             
0.2 	3.37228 nA  	100.0             

.    RFpower=-11.3         74.92% 488/651
0.0 	3.10193 uA  	100.0             
0.1 	83.6009 nA  	100.0             
0.2 	3.3031 nA   	100.0             

.    RFpower=-11.2         75.08% 489/651
0.0 	3.10396 uA  	100.0             
0.1 	83.1714 nA  	100.0             
0.2 	3.23225 nA  	100.0             

.    RFpower=-11.1         75.23% 490/651
0.0 	3.1084 uA   	100.0             
0.1 	82.7373 nA  	100.0             
0.2 	3.16019 nA  	100.0             

.    RFpower=-11           75.38% 491/651
0.0 	3.1155 uA   	100.0             
0.1 	82.2966 nA  	100.0             
0.2 	3.08722 nA  	100.0             

.    RFpower=-10.9         75.54% 492/651
0.0 	3.12554 uA  	100.0             
0.1 	81.846 nA   	100.0             
0.2 	3.01352 nA  	100.0             

.    RFpower=-10.8         75.69% 493/651
0.0 	3.13883 uA  	100.0             
0.1 	81.3898 nA  	100.0             
0.2 	2.93911 nA  	100.0             

.    RFpower=-10.7         75.85% 494/651
0.0 	3.15569 uA  	100.0             
0.1 	80.9311 nA  	100.0             
0.2 	2.86391 nA  	100.0             

.    RFpower=-10.6         76.00% 495/651
0.0 	3.17647 uA  	100.0             
0.1 	80.472 nA   	100.0             
0.2 	2.78771 nA  	100.0             

.    RFpower=-10.5         76.15% 496/651
0.0 	3.20153 uA  	100.0             
0.1 	80.0134 nA  	100.0             
0.2 	2.71442 nA  	100.0             

.    RFpower=-10.4         76.31% 497/651
0.0 	3.23123 uA  	100.0             
0.1 	80.4118 nA  	100.0             
0.2 	2.6548 nA   	100.0             

.    RFpower=-10.3         76.46% 498/651
0.0 	3.26596 uA  	100.0             
0.1 	81.8781 nA  	100.0             
0.2 	2.59733 nA  	100.0             

.    RFpower=-10.2         76.62% 499/651
0.0 	3.30607 uA  	100.0             
0.1 	83.1935 nA  	100.0             
0.2 	2.54207 nA  	100.0             

.    RFpower=-10.1         76.77% 500/651
0.0 	3.35193 uA  	100.0             
0.1 	84.3072 nA  	100.0             
0.2 	2.48917 nA  	100.0             

.    RFpower=-10           76.92% 501/651
0.0 	3.40385 uA  	100.0             
0.1 	85.1616 nA  	100.0             
0.2 	2.43876 nA  	100.0             

.    RFpower=-9.9          77.08% 502/651
0.0 	3.46211 uA  	100.0             
0.1 	85.6942 nA  	100.0             
0.2 	2.42904 nA  	100.0             

.    RFpower=-9.8          77.23% 503/651
0.0 	3.52694 uA  	100.0             
0.1 	85.8386 nA  	100.0             
0.2 	2.48447 nA  	100.0             

.    RFpower=-9.7          77.38% 504/651
0.0 	3.59846 uA  	100.0             
0.1 	85.5281 nA  	100.0             
0.2 	2.53888 nA  	100.0             

.    RFpower=-9.6          77.54% 505/651
0.0 	3.67674 uA  	100.0             
0.1 	84.6982 nA  	100.0             
0.2 	2.58899 nA  	100.0             

.    RFpower=-9.5          77.69% 506/651
0.0 	3.76168 uA  	100.0             
0.1 	83.291 nA   	100.0             
0.2 	2.63086 nA  	100.0             

.    RFpower=-9.4          77.85% 507/651
0.0 	3.85309 uA  	100.0             
0.1 	81.2596 nA  	100.0             
0.2 	2.66009 nA  	100.0             

.    RFpower=-9.3          78.00% 508/651
0.0 	3.95063 uA  	100.0             
0.1 	78.5721 nA  	100.0             
0.2 	2.67198 nA  	100.0             

.    RFpower=-9.2          78.15% 509/651
0.0 	4.05377 uA  	100.0             
0.1 	75.2165 nA  	100.0             
0.2 	2.66182 nA  	100.0             

.    RFpower=-9.1          78.31% 510/651
0.0 	4.16186 uA  	100.0             
0.1 	71.847 nA   	100.0             
0.2 	2.62527 nA  	100.0             

.    RFpower=-9            78.46% 511/651
0.0 	4.27405 uA  	100.0             
0.1 	70.8266 nA  	100.0             
0.2 	2.55872 nA  	100.0             

.    RFpower=-8.9          78.62% 512/651
0.0 	4.38935 uA  	100.0             
0.1 	69.6798 nA  	100.0             
0.2 	2.45976 nA  	100.0             

.    RFpower=-8.8          78.77% 513/651
0.0 	4.50663 uA  	100.0             
0.1 	72.5948 nA  	100.0             
0.2 	2.32748 nA  	100.0             

.    RFpower=-8.7          78.92% 514/651
0.0 	4.62464 uA  	100.0             
0.1 	77.508 nA   	100.0             
0.2 	2.16277 nA  	100.0             

.    RFpower=-8.6          79.08% 515/651
0.0 	4.74203 uA  	100.0             
0.1 	83.4493 nA  	100.0             
0.2 	2.03578 nA  	100.0             

.    RFpower=-8.5          79.23% 516/651
0.0 	4.85742 uA  	100.0             
0.1 	90.3462 nA  	100.0             
0.2 	2.19723 nA  	100.0             

.    RFpower=-8.4          79.38% 517/651
0.0 	4.9694 uA   	100.0             
0.1 	98.1224 nA  	100.0             
0.2 	2.51801 nA  	100.0             

.    RFpower=-8.3          79.54% 518/651
0.0 	5.07662 uA  	100.0             
0.1 	106.662 nA  	100.0             
0.2 	2.90328 nA  	100.0             

.    RFpower=-8.2          79.69% 519/651
0.0 	5.17778 uA  	100.0             
0.1 	115.813 nA  	100.0             
0.2 	3.34429 nA  	100.0             

.    RFpower=-8.1          79.85% 520/651
0.0 	5.2717 uA   	100.0             
0.1 	125.399 nA  	100.0             
0.2 	3.83123 nA  	100.0             

.    RFpower=-8            80.00% 521/651
0.0 	5.35734 uA  	100.0             
0.1 	135.221 nA  	100.0             
0.2 	4.3516 nA   	100.0             

.    RFpower=-7.9          80.15% 522/651
0.0 	5.43382 uA  	100.0             
0.1 	145.079 nA  	100.0             
0.2 	4.89112 nA  	100.0             

.    RFpower=-7.8          80.31% 523/651
0.0 	5.54832 uA  	100.0             
0.1 	154.774 nA  	100.0             
0.2 	5.43466 nA  	100.0             

.    RFpower=-7.7          80.46% 524/651
0.0 	5.67353 uA  	100.0             
0.1 	164.12 nA   	100.0             
0.2 	5.96728 nA  	100.0             

.    RFpower=-7.6          80.62% 525/651
0.0 	5.78719 uA  	100.0             
0.1 	172.954 nA  	100.0             
0.2 	6.47517 nA  	100.0             

.    RFpower=-7.5          80.77% 526/651
0.0 	5.88828 uA  	100.0             
0.1 	181.139 nA  	100.0             
0.2 	6.94634 nA  	100.0             

.    RFpower=-7.4          80.92% 527/651
0.0 	5.976 uA    	100.0             
0.1 	188.567 nA  	100.0             
0.2 	7.37115 nA  	100.0             

.    RFpower=-7.3          81.08% 528/651
0.0 	6.04985 uA  	100.0             
0.1 	195.163 nA  	100.0             
0.2 	7.74256 nA  	100.0             

.    RFpower=-7.2          81.23% 529/651
0.0 	6.10953 uA  	100.0             
0.1 	200.876 nA  	100.0             
0.2 	8.05613 nA  	100.0             

.    RFpower=-7.1          81.38% 530/651
0.0 	6.15494 uA  	100.0             
0.1 	205.685 nA  	100.0             
0.2 	8.3099 nA   	100.0             

.    RFpower=-7            81.54% 531/651
0.0 	6.18617 uA  	100.0             
0.1 	209.59 nA   	100.0             
0.2 	8.50408 nA  	100.0             

.    RFpower=-6.9          81.69% 532/651
0.0 	6.20345 uA  	100.0             
0.1 	212.611 nA  	100.0             
0.2 	8.64065 nA  	100.0             

.    RFpower=-6.8          81.85% 533/651
0.0 	6.20713 uA  	100.0             
0.1 	214.782 nA  	100.0             
0.2 	8.72303 nA  	100.0             

.    RFpower=-6.7          82.00% 534/651
0.0 	6.19764 uA  	100.0             
0.1 	216.147 nA  	100.0             
0.2 	8.75559 nA  	100.0             

.    RFpower=-6.6          82.15% 535/651
0.0 	6.17551 uA  	100.0             
0.1 	216.756 nA  	100.0             
0.2 	8.74337 nA  	100.0             

.    RFpower=-6.5          82.31% 536/651
0.0 	6.1413 uA   	100.0             
0.1 	216.665 nA  	100.0             
0.2 	8.69168 nA  	100.0             

.    RFpower=-6.4          82.46% 537/651
0.0 	6.09564 uA  	100.0             
0.1 	215.93 nA   	100.0             
0.2 	8.60586 nA  	100.0             

.    RFpower=-6.3          82.62% 538/651
0.0 	6.03917 uA  	100.0             
0.1 	214.608 nA  	100.0             
0.2 	8.49113 nA  	100.0             

.    RFpower=-6.2          82.77% 539/651
0.0 	5.97256 uA  	100.0             
0.1 	212.752 nA  	100.0             
0.2 	8.35234 nA  	100.0             

.    RFpower=-6.1          82.92% 540/651
0.0 	5.89651 uA  	100.0             
0.1 	210.414 nA  	100.0             
0.2 	8.19391 nA  	100.0             

.    RFpower=-6            83.08% 541/651
0.0 	5.81171 uA  	100.0             
0.1 	207.64 nA   	100.0             
0.2 	8.0198 nA   	100.0             

.    RFpower=-5.9          83.23% 542/651
0.0 	5.71888 uA  	100.0             
0.1 	204.476 nA  	100.0             
0.2 	7.83341 nA  	100.0             

.    RFpower=-5.8          83.38% 543/651
0.0 	5.61873 uA  	100.0             
0.1 	200.962 nA  	100.0             
0.2 	7.63766 nA  	100.0             

.    RFpower=-5.7          83.54% 544/651
0.0 	5.51199 uA  	100.0             
0.1 	197.135 nA  	100.0             
0.2 	7.43496 nA  	100.0             

.    RFpower=-5.6          83.69% 545/651
0.0 	5.39939 uA  	100.0             
0.1 	193.029 nA  	100.0             
0.2 	7.22726 nA  	100.0             

.    RFpower=-5.5          83.85% 546/651
0.0 	5.28164 uA  	100.0             
0.1 	188.677 nA  	100.0             
0.2 	7.01612 nA  	100.0             

.    RFpower=-5.4          84.00% 547/651
0.0 	5.15947 uA  	100.0             
0.1 	184.106 nA  	100.0             
0.2 	6.80268 nA  	100.0             

.    RFpower=-5.3          84.15% 548/651
0.0 	5.03359 uA  	100.0             
0.1 	179.347 nA  	100.0             
0.2 	6.588 nA    	100.0             

.    RFpower=-5.2          84.31% 549/651
0.0 	4.9047 uA   	100.0             
0.1 	174.425 nA  	100.0             
0.2 	6.3727 nA   	100.0             

.    RFpower=-5.1          84.46% 550/651
0.0 	4.77348 uA  	100.0             
0.1 	169.368 nA  	100.0             
0.2 	6.15734 nA  	100.0             

.    RFpower=-5            84.62% 551/651
0.0 	4.64059 uA  	100.0             
0.1 	164.198 nA  	100.0             
0.2 	5.94233 nA  	100.0             

.    RFpower=-4.9          84.77% 552/651
0.0 	4.50666 uA  	100.0             
0.1 	158.942 nA  	100.0             
0.2 	5.72802 nA  	100.0             

.    RFpower=-4.8          84.92% 553/651
0.0 	4.3723 uA   	100.0             
0.1 	153.623 nA  	100.0             
0.2 	5.51472 nA  	100.0             

.    RFpower=-4.7          85.08% 554/651
0.0 	4.23808 uA  	100.0             
0.1 	148.265 nA  	100.0             
0.2 	5.30274 nA  	100.0             

.    RFpower=-4.6          85.23% 555/651
0.0 	4.10454 uA  	100.0             
0.1 	142.891 nA  	100.0             
0.2 	5.09242 nA  	100.0             

.    RFpower=-4.5          85.38% 556/651
0.0 	3.97216 uA  	100.0             
0.1 	137.522 nA  	100.0             
0.2 	4.88409 nA  	100.0             

.    RFpower=-4.4          85.54% 557/651
0.0 	3.84139 uA  	100.0             
0.1 	132.181 nA  	100.0             
0.2 	4.67813 nA  	100.0             

.    RFpower=-4.3          85.69% 558/651
0.0 	3.71264 uA  	100.0             
0.1 	126.887 nA  	100.0             
0.2 	4.47494 nA  	100.0             

.    RFpower=-4.2          85.85% 559/651
0.0 	3.58626 uA  	100.0             
0.1 	121.659 nA  	100.0             
0.2 	4.27495 nA  	100.0             

.    RFpower=-4.1          86.00% 560/651
0.0 	3.46256 uA  	100.0             
0.1 	116.515 nA  	100.0             
0.2 	4.07859 nA  	100.0             

.    RFpower=-4            86.15% 561/651
0.0 	3.3418 uA   	100.0             
0.1 	111.471 nA  	100.0             
0.2 	3.8863 nA   	100.0             

.    RFpower=-3.9          86.31% 562/651
0.0 	3.22422 uA  	100.0             
0.1 	106.539 nA  	100.0             
0.2 	3.69849 nA  	100.0             

.    RFpower=-3.8          86.46% 563/651
0.0 	3.10998 uA  	100.0             
0.1 	101.734 nA  	100.0             
0.2 	3.51558 nA  	100.0             

.    RFpower=-3.7          86.62% 564/651
0.0 	2.99923 uA  	100.0             
0.1 	97.0646 nA  	100.0             
0.2 	3.33792 nA  	100.0             

.    RFpower=-3.6          86.77% 565/651
0.0 	2.89207 uA  	100.0             
0.1 	92.54 nA    	100.0             
0.2 	3.16584 nA  	100.0             

.    RFpower=-3.5          86.92% 566/651
0.0 	2.78858 uA  	100.0             
0.1 	88.1671 nA  	100.0             
0.2 	2.99962 nA  	100.0             

.    RFpower=-3.4          87.08% 567/651
0.0 	2.68878 uA  	100.0             
0.1 	83.9508 nA  	100.0             
0.2 	2.83949 nA  	100.0             

.    RFpower=-3.3          87.23% 568/651
0.0 	2.59269 uA  	100.0             
0.1 	79.8948 nA  	100.0             
0.2 	2.68561 nA  	100.0             

.    RFpower=-3.2          87.38% 569/651
0.0 	2.5003 uA   	100.0             
0.1 	76.0011 nA  	100.0             
0.2 	2.53812 nA  	100.0             

.    RFpower=-3.1          87.54% 570/651
0.0 	2.41157 uA  	100.0             
0.1 	72.2704 nA  	100.0             
0.2 	2.39707 nA  	100.0             

.    RFpower=-3            87.69% 571/651
0.0 	2.32646 uA  	100.0             
0.1 	68.7021 nA  	100.0             
0.2 	2.26248 nA  	100.0             

.    RFpower=-2.9          87.85% 572/651
0.0 	2.24488 uA  	100.0             
0.1 	65.2948 nA  	100.0             
0.2 	2.13432 nA  	100.0             

.    RFpower=-2.8          88.00% 573/651
0.0 	2.16677 uA  	100.0             
0.1 	62.0459 nA  	100.0             
0.2 	2.01252 nA  	100.0             

.    RFpower=-2.7          88.15% 574/651
0.0 	2.09203 uA  	100.0             
0.1 	58.9521 nA  	100.0             
0.2 	1.89696 nA  	100.0             

.    RFpower=-2.6          88.31% 575/651
0.0 	2.02056 uA  	100.0             
0.1 	56.0096 nA  	100.0             
0.2 	1.78751 nA  	100.0             

.    RFpower=-2.5          88.46% 576/651
0.0 	1.95226 uA  	100.0             
0.1 	53.2138 nA  	100.0             
0.2 	1.684 nA    	100.0             

.    RFpower=-2.4          88.62% 577/651
0.0 	1.88702 uA  	100.0             
0.1 	50.56 nA    	100.0             
0.2 	1.58624 nA  	100.0             

.    RFpower=-2.3          88.77% 578/651
0.0 	1.82472 uA  	100.0             
0.1 	48.0429 nA  	100.0             
0.2 	1.49401 nA  	100.0             

.    RFpower=-2.2          88.92% 579/651
0.0 	1.76526 uA  	100.0             
0.1 	45.6573 nA  	100.0             
0.2 	1.40711 nA  	100.0             

.    RFpower=-2.1          89.08% 580/651
0.0 	1.70852 uA  	100.0             
0.1 	43.3976 nA  	100.0             
0.2 	1.32531 nA  	100.0             

.    RFpower=-2            89.23% 581/651
0.0 	1.65438 uA  	100.0             
0.1 	41.2583 nA  	100.0             
0.2 	1.24836 nA  	100.0             

.    RFpower=-1.9          89.38% 582/651
0.0 	1.62311 uA  	100.0             
0.1 	39.2338 nA  	100.0             
0.2 	1.17604 nA  	100.0             

.    RFpower=-1.8          89.54% 583/651
0.0 	1.60367 uA  	100.0             
0.1 	37.3186 nA  	100.0             
0.2 	1.10811 nA  	100.0             

.    RFpower=-1.7          89.69% 584/651
0.0 	1.58504 uA  	100.0             
0.1 	35.5072 nA  	100.0             
0.2 	1.04434 nA  	100.0             

.    RFpower=-1.6          89.85% 585/651
0.0 	1.56718 uA  	100.0             
0.1 	33.7943 nA  	100.0             
0.2 	984.503 pA  	100.0             

.    RFpower=-1.5          90.00% 586/651
0.0 	1.55007 uA  	100.0             
0.1 	32.1748 nA  	100.0             
0.2 	928.368 pA  	100.0             

.    RFpower=-1.4          90.15% 587/651
0.0 	1.53371 uA  	100.0             
0.1 	30.6437 nA  	100.0             
0.2 	875.727 pA  	100.0             

.    RFpower=-1.3          90.31% 588/651
0.0 	1.51806 uA  	100.0             
0.1 	29.1961 nA  	100.0             
0.2 	826.371 pA  	100.0             

.    RFpower=-1.2          90.46% 589/651
0.0 	1.50311 uA  	100.0             
0.1 	27.8273 nA  	100.0             
0.2 	780.1 pA    	100.0             

.    RFpower=-1.1          90.62% 590/651
0.0 	1.48884 uA  	100.0             
0.1 	26.5331 nA  	100.0             
0.2 	736.726 pA  	100.0             

.    RFpower=-1            90.77% 591/651
0.0 	1.47522 uA  	100.0             
0.1 	25.3091 nA  	100.0             
0.2 	696.068 pA  	100.0             

.    RFpower=-900e-03      90.92% 592/651
0.0 	1.46225 uA  	100.0             
0.1 	24.1513 nA  	100.0             
0.2 	657.953 pA  	100.0             

.    RFpower=-800e-03      91.08% 593/651
0.0 	1.4499 uA   	100.0             
0.1 	23.0559 nA  	100.0             
0.2 	622.22 pA   	100.0             

.    RFpower=-700e-03      91.23% 594/651
0.0 	1.43814 uA  	100.0             
0.1 	22.0192 nA  	100.0             
0.2 	588.714 pA  	100.0             

.    RFpower=-600e-03      91.38% 595/651
0.0 	1.42697 uA  	100.0             
0.1 	21.1491 nA  	100.0             
0.2 	563.334 pA  	100.0             

.    RFpower=-500e-03      91.54% 596/651
0.0 	1.41636 uA  	100.0             
0.1 	20.6743 nA  	100.0             
0.2 	545.963 pA  	100.0             

.    RFpower=-400e-03      91.69% 597/651
0.0 	1.4063 uA   	100.0             
0.1 	20.2143 nA  	100.0             
0.2 	529.227 pA  	100.0             

.    RFpower=-300e-03      91.85% 598/651
0.0 	1.39676 uA  	100.0             
0.1 	19.7685 nA  	100.0             
0.2 	513.108 pA  	100.0             

.    RFpower=-200e-03      92.00% 599/651
0.0 	1.38774 uA  	100.0             
0.1 	19.3367 nA  	100.0             
0.2 	497.591 pA  	100.0             

.    RFpower=-100e-03      92.15% 600/651
0.0 	1.37921 uA  	100.0             
0.1 	18.9186 nA  	100.0             
0.2 	482.658 pA  	100.0             

.    RFpower=583.728e-15   92.31% 601/651
0.0 	1.37116 uA  	100.0             
0.1 	18.5138 nA  	100.0             
0.2 	468.291 pA  	100.0             

.    RFpower=100e-03       92.46% 602/651
0.0 	1.36358 uA  	100.0             
0.1 	18.1218 nA  	100.0             

.    RFpower=200e-03       92.62% 603/651
0.0 	1.35691 uA  	100.0             
0.1 	17.7538 nA  	100.0             

.    RFpower=300e-03       92.77% 604/651
0.0 	1.35021 uA  	100.0             
0.1 	17.3861 nA  	100.0             

.    RFpower=400e-03       92.92% 605/651
0.0 	1.34392 uA  	100.0             
0.1 	17.0302 nA  	100.0             

.    RFpower=500e-03       93.08% 606/651
0.0 	1.33805 uA  	100.0             
0.1 	16.6857 nA  	100.0             

.    RFpower=600e-03       93.23% 607/651
0.0 	1.33257 uA  	100.0             
0.1 	16.3522 nA  	100.0             

.    RFpower=700e-03       93.38% 608/651
0.0 	1.32749 uA  	100.0             
0.1 	16.0293 nA  	100.0             

.    RFpower=800e-03       93.54% 609/651
0.0 	1.32278 uA  	100.0             
0.1 	15.7168 nA  	100.0             

.    RFpower=900e-03       93.69% 610/651
0.0 	1.31843 uA  	100.0             
0.1 	15.4142 nA  	100.0             

.    RFpower=1             93.85% 611/651
0.0 	1.31444 uA  	100.0             
0.1 	15.1213 nA  	100.0             

.    RFpower=1.1           94.00% 612/651
0.0 	1.31079 uA  	100.0             
0.1 	14.8376 nA  	100.0             

.    RFpower=1.2           94.15% 613/651
0.0 	1.30748 uA  	100.0             
0.1 	14.5628 nA  	100.0             

.    RFpower=1.3           94.31% 614/651
0.0 	1.30449 uA  	100.0             
0.1 	14.2967 nA  	100.0             

.    RFpower=1.4           94.46% 615/651
0.0 	1.30182 uA  	100.0             
0.1 	14.0389 nA  	100.0             

.    RFpower=1.5           94.62% 616/651
0.0 	1.29946 uA  	100.0             
0.1 	13.7891 nA  	100.0             

.    RFpower=1.6           94.77% 617/651
0.0 	1.29741 uA  	100.0             
0.1 	13.547 nA   	100.0             

.    RFpower=1.7           94.92% 618/651
0.0 	1.29564 uA  	100.0             
0.1 	13.3124 nA  	100.0             

.    RFpower=1.8           95.08% 619/651
0.0 	1.29416 uA  	100.0             
0.1 	13.085 nA   	100.0             

.    RFpower=1.9           95.23% 620/651
0.0 	1.29297 uA  	100.0             
0.1 	12.8645 nA  	100.0             

.    RFpower=2             95.38% 621/651
0.0 	1.29204 uA  	100.0             
0.1 	12.678 nA   	100.0             

.    RFpower=2.1           95.54% 622/651
0.0 	1.29138 uA  	100.0             
0.1 	12.5223 nA  	100.0             

.    RFpower=2.2           95.69% 623/651
0.0 	1.29099 uA  	100.0             
0.1 	12.37 nA    	100.0             

.    RFpower=2.3           95.85% 624/651
0.0 	1.2959 uA   	100.0             
0.1 	12.221 nA   	100.0             

.    RFpower=2.4           96.00% 625/651
0.0 	1.30122 uA  	100.0             
0.1 	12.0754 nA  	100.0             

.    RFpower=2.5           96.15% 626/651
0.0 	1.30668 uA  	100.0             
0.1 	11.9329 nA  	100.0             

.    RFpower=2.6           96.31% 627/651
0.0 	1.31227 uA  	100.0             
0.1 	11.7937 nA  	100.0             

.    RFpower=2.7           96.46% 628/651
0.0 	1.318 uA    	100.0             
0.1 	11.6574 nA  	100.0             

.    RFpower=2.8           96.62% 629/651
0.0 	1.32387 uA  	100.0             
0.1 	11.5242 nA  	100.0             

.    RFpower=2.9           96.77% 630/651
0.0 	1.32988 uA  	100.0             
0.1 	11.394 nA   	100.0             

.    RFpower=3             96.92% 631/651
0.0 	1.33603 uA  	100.0             
0.1 	11.2666 nA  	100.0             

.    RFpower=3.1           97.08% 632/651
0.0 	1.34232 uA  	100.0             
0.1 	11.142 nA   	100.0             

.    RFpower=3.2           97.23% 633/651
0.0 	1.34876 uA  	100.0             
0.1 	11.0201 nA  	100.0             

.    RFpower=3.3           97.38% 634/651
0.0 	1.35534 uA  	100.0             
0.1 	10.9009 nA  	100.0             

.    RFpower=3.4           97.54% 635/651
0.0 	1.36206 uA  	100.0             
0.1 	10.7843 nA  	100.0             

.    RFpower=3.5           97.69% 636/651
0.0 	1.36892 uA  	100.0             
0.1 	10.6703 nA  	100.0             

.    RFpower=3.6           97.85% 637/651
0.0 	1.37593 uA  	100.0             
0.1 	10.5587 nA  	100.0             

.    RFpower=3.7           98.00% 638/651
0.0 	1.38309 uA  	100.0             
0.1 	10.4496 nA  	100.0             

.    RFpower=3.8           98.15% 639/651
0.0 	1.39039 uA  	100.0             
0.1 	10.3428 nA  	100.0             

.    RFpower=3.9           98.31% 640/651
0.0 	1.39784 uA  	100.0             
0.1 	10.2383 nA  	100.0             

.    RFpower=4             98.46% 641/651
0.0 	1.40544 uA  	100.0             
0.1 	10.136 nA   	100.0             

.    RFpower=4.1           98.62% 642/651
0.0 	1.41319 uA  	100.0             
0.1 	10.0359 nA  	100.0             

.    RFpower=4.2           98.77% 643/651
0.0 	1.42108 uA  	100.0             
0.1 	9.93796 nA  	100.0             

.    RFpower=4.3           98.92% 644/651
0.0 	1.42913 uA  	100.0             
0.1 	9.84207 nA  	100.0             

.    RFpower=4.4           99.08% 645/651
0.0 	1.43732 uA  	100.0             
0.1 	9.74819 nA  	100.0             

.    RFpower=4.5           99.23% 646/651
0.0 	1.44567 uA  	100.0             
0.1 	9.65628 nA  	100.0             

.    RFpower=4.6           99.38% 647/651
0.0 	1.45417 uA  	100.0             
0.1 	9.56629 nA  	100.0             

.    RFpower=4.7           99.54% 648/651
0.0 	1.46283 uA  	100.0             
0.1 	9.47815 nA  	100.0             

.    RFpower=4.8           99.69% 649/651
0.0 	1.47164 uA  	100.0             
0.1 	9.39184 nA  	100.0             

.    RFpower=4.9           99.85% 650/651
0.0 	1.4806 uA   	100.0             
0.1 	9.30729 nA  	100.0             

.    RFpower=5            100.00% 651/651
0.0 	1.48972 uA  	100.0             
0.1 	9.22447 nA  	100.0             

.Warning detected by hpeesofsim during circuit set up.
    Evaluation failed for ` Pdel_W=0.5*real(Vload[1]*conj(Iload.i[1]))':  "Pdel_W":
      Operation "[ ] sweep access", index out of range in dimension 1, independent "freq" must use an index in the range 0 <= index < 1
Warning detected by hpeesofsim during circuit set up.
    Evaluation failed for `Pdel_dBm=10*log(Pdel_W)+30':  "Pdel_W", from:
      Pdel_dBm -> Pdel_W
    Error:
      Operation "[ ] sweep access", index out of range in dimension 1, independent "freq" must use an index in the range 0 <= index < 1
Warning detected by hpeesofsim during circuit set up.
    Evaluation failed for `P_In_Watts=0.5*real(Vinput[1]*conj(I_input.i[1]))':  "P_In_Watts":
      Operation "[ ] sweep access", index out of range in dimension 1, independent "freq" must use an index in the range 0 <= index < 1
Warning detected by hpeesofsim during circuit set up.
    Evaluation failed for `Gain_Transducer=Pdel_dBm-RFpower':  "Pdel_W", from:
      Gain_Transducer -> Pdel_dBm -> Pdel_W
    Error:
      Operation "[ ] sweep access", index out of range in dimension 1, independent "freq" must use an index in the range 0 <= index < 1

Resource usage:
  Total stopwatch time     =     1.46 seconds.

